25.10.21-14:24:21.157	cellenONE - nanoPOTS	Start Time: 2:24 PM - 10/25/2021
cellenONE - nanoPOTS	081803
X1.v1.90	3:12 PM - 11/26/2019

Run ID: 211005J_C10_Fields_1-48_20211025_142418_916

Humidity: RH 10% /+3 /-3

Start Time: 2:24 PM - 10/25/2021
Pulse parameters:
Current Nozzle: 0Voltage (V): 80.0
Pulse length (µs): 50
Frequency (Hz): 500
LED Delay (µs): 200
LDE Pulse (µs): 3


cellenONE parameters:
Ejection zone bondary: 252	Sedimentation zone bondary: 350
Detection parameters:	Wait (ms) 10Min Diameter (µm) 15	Max Diameter (µm) 150	Circularity 4.000000 Max	Elongation 6.000000 Max	Remove Halo NO
Printing parameters:
	Min Diameter (µm) 25	Max Diameter (µm) 40	Lower Grey Threshold 25	Upper Grey Threshold 255	Circularity 1.150000 Max	Elongation 2.070000 Max
Plate	Plate Pos	Nozzle	Well	Target	Level	Field	Drops	X Pos	Y Pos

Probe: MTP384
Target: NanoPOTS_4x12_1pt2mm_4pt5mm: 1

Pattern File (last loaded or saved): 

Nozzle(s): 1
Field(s):
X = 12
Y = 4
Start Point
Left: 1400
Up: 1150
X Field Gap:4491/4491/4491/4491/4491/4491/4491/4491/4491/4491/4491/4491/
Y Field Gap:4491/4491/4491/4491/
Pattern Size: 
X = 10
Y = 10
Dot Pitch: 
X = 1
Y = 1
Field 1
[0, 0, 0]
									
									
									
									
					1K7				
									
									
									
									
									


Field 2
[0, 0, 0]
									
									
									
									
					1K7				
									
									
									
									
									


Field 3
[0, 0, 0]
									
									
									
									
					1K7				
									
									
									
									
									


Field 4
[0, 0, 0]
									
									
									
									
					1K7				
									
									
									
									
									


Field 5
[0, 0, 0]
									
									
									
									
					1K7				
									
									
									
									
									


Field 6
[0, 0, 0]
									
									
									
									
					1K7				
									
									
									
									
									


Field 7
[0, 0, 0]
									
									
									
									
					1K7				
									
									
									
									
									


Field 8
[0, 0, 0]
									
									
									
									
					1K7				
									
									
									
									
									


Field 9
[0, 0, 0]
									
									
									
									
					1K7				
									
									
									
									
									


Field 10
[0, 0, 0]
									
									
									
									
					1K7				
									
									
									
									
									


Field 11
[0, 0, 0]
									
									
									
									
					1K7				
									
									
									
									
									


Field 12
[0, 0, 0]
									
									
									
									
					1K7				
									
									
									
									
									


Field 13
[0, 0, 0]
									
									
									
									
					1K7				
									
									
									
									
									


Field 14
[0, 0, 0]
									
									
									
									
					1K7				
									
									
									
									
									


Field 15
[0, 0, 0]
									
									
									
									
					1K7				
									
									
									
									
									


Field 16
[0, 0, 0]
									
									
									
									
					1K7				
									
									
									
									
									


Field 17
[0, 0, 0]
									
									
									
									
					1K7				
									
									
									
									
									


Field 18
[0, 0, 0]
									
									
									
									
					1K7				
									
									
									
									
									


Field 19
[0, 0, 0]
									
									
									
									
					1K7				
									
									
									
									
									


Field 20
[0, 0, 0]
									
									
									
									
					1K7				
									
									
									
									
									


Field 21
[0, 0, 0]
									
									
									
									
					1K7				
									
									
									
									
									


Field 22
[0, 0, 0]
									
									
									
									
					1K7				
									
									
									
									
									


Field 23
[0, 0, 0]
									
									
									
									
					1K7				
									
									
									
									
									


Field 24
[0, 0, 0]
									
									
									
									
					1K7				
									
									
									
									
									


Field 25
[0, 0, 0]
									
									
									
									
					1K7				
									
									
									
									
									


Field 26
[0, 0, 0]
									
									
									
									
					1K7				
									
									
									
									
									


Field 27
[0, 0, 0]
									
									
									
									
					1K7				
									
									
									
									
									


Field 28
[0, 0, 0]
									
									
									
									
					1K7				
									
									
									
									
									


Field 29
[0, 0, 0]
									
									
									
									
					1K7				
									
									
									
									
									


Field 30
[0, 0, 0]
									
									
									
									
					1K7				
									
									
									
									
									


Field 31
[0, 0, 0]
									
									
									
									
					1K7				
									
									
									
									
									


Field 32
[0, 0, 0]
									
									
									
									
					1K7				
									
									
									
									
									


Field 33
[0, 0, 0]
									
									
									
									
					1K7				
									
									
									
									
									


Field 34
[0, 0, 0]
									
									
									
									
					1K7				
									
									
									
									
									


Field 35
[0, 0, 0]
									
									
									
									
					1K7				
									
									
									
									
									


Field 36
[0, 0, 0]
									
									
									
									
					1K7				
									
									
									
									
									


Field 37
[0, 0, 0]
									
									
									
									
					1K7				
									
									
									
									
									


Field 38
[0, 0, 0]
									
									
									
									
					1K7				
									
									
									
									
									


Field 39
[0, 0, 0]
									
									
									
									
					1K7				
									
									
									
									
									


Field 40
[0, 0, 0]
									
									
									
									
					1K7				
									
									
									
									
									


Field 41
[0, 0, 0]
									
									
									
									
					1K7				
									
									
									
									
									


Field 42
[0, 0, 0]
									
									
									
									
					1K7				
									
									
									
									
									


Field 43
[0, 0, 0]
									
									
									
									
					1K7				
									
									
									
									
									


Field 44
[0, 0, 0]
									
									
									
									
					1K7				
									
									
									
									
									


Field 45
[0, 0, 0]
									
									
									
									
					1K7				
									
									
									
									
									


Field 46
[0, 0, 0]
									
									
									
									
					1K7				
									
									
									
									
									


Field 47
[0, 0, 0]
									
									
									
									
					1K7				
									
									
									
									
									


Field 48
[0, 0, 0]
									
									
									
									
					1K7				
									
									
									
									
									


Drops/Field 1
[0, 0, 0]
									
									
									
									
					1				
									
									
									
									
									


Drops/Field 2
[0, 0, 0]
									
									
									
									
					1				
									
									
									
									
									


Drops/Field 3
[0, 0, 0]
									
									
									
									
					1				
									
									
									
									
									


Drops/Field 4
[0, 0, 0]
									
									
									
									
					1				
									
									
									
									
									


Drops/Field 5
[0, 0, 0]
									
									
									
									
					1				
									
									
									
									
									


Drops/Field 6
[0, 0, 0]
									
									
									
									
					1				
									
									
									
									
									


Drops/Field 7
[0, 0, 0]
									
									
									
									
					1				
									
									
									
									
									


Drops/Field 8
[0, 0, 0]
									
									
									
									
					1				
									
									
									
									
									


Drops/Field 9
[0, 0, 0]
									
									
									
									
					1				
									
									
									
									
									


Drops/Field 10
[0, 0, 0]
									
									
									
									
					1				
									
									
									
									
									


Drops/Field 11
[0, 0, 0]
									
									
									
									
					1				
									
									
									
									
									


Drops/Field 12
[0, 0, 0]
									
									
									
									
					1				
									
									
									
									
									


Drops/Field 13
[0, 0, 0]
									
									
									
									
					1				
									
									
									
									
									


Drops/Field 14
[0, 0, 0]
									
									
									
									
					1				
									
									
									
									
									


Drops/Field 15
[0, 0, 0]
									
									
									
									
					1				
									
									
									
									
									


Drops/Field 16
[0, 0, 0]
									
									
									
									
					1				
									
									
									
									
									


Drops/Field 17
[0, 0, 0]
									
									
									
									
					1				
									
									
									
									
									


Drops/Field 18
[0, 0, 0]
									
									
									
									
					1				
									
									
									
									
									


Drops/Field 19
[0, 0, 0]
									
									
									
									
					1				
									
									
									
									
									


Drops/Field 20
[0, 0, 0]
									
									
									
									
					1				
									
									
									
									
									


Drops/Field 21
[0, 0, 0]
									
									
									
									
					1				
									
									
									
									
									


Drops/Field 22
[0, 0, 0]
									
									
									
									
					1				
									
									
									
									
									


Drops/Field 23
[0, 0, 0]
									
									
									
									
					1				
									
									
									
									
									


Drops/Field 24
[0, 0, 0]
									
									
									
									
					1				
									
									
									
									
									


Drops/Field 25
[0, 0, 0]
									
									
									
									
					1				
									
									
									
									
									


Drops/Field 26
[0, 0, 0]
									
									
									
									
					1				
									
									
									
									
									


Drops/Field 27
[0, 0, 0]
									
									
									
									
					1				
									
									
									
									
									


Drops/Field 28
[0, 0, 0]
									
									
									
									
					1				
									
									
									
									
									


Drops/Field 29
[0, 0, 0]
									
									
									
									
					1				
									
									
									
									
									


Drops/Field 30
[0, 0, 0]
									
									
									
									
					1				
									
									
									
									
									


Drops/Field 31
[0, 0, 0]
									
									
									
									
					1				
									
									
									
									
									


Drops/Field 32
[0, 0, 0]
									
									
									
									
					1				
									
									
									
									
									


Drops/Field 33
[0, 0, 0]
									
									
									
									
					1				
									
									
									
									
									


Drops/Field 34
[0, 0, 0]
									
									
									
									
					1				
									
									
									
									
									


Drops/Field 35
[0, 0, 0]
									
									
									
									
					1				
									
									
									
									
									


Drops/Field 36
[0, 0, 0]
									
									
									
									
					1				
									
									
									
									
									


Drops/Field 37
[0, 0, 0]
									
									
									
									
					1				
									
									
									
									
									


Drops/Field 38
[0, 0, 0]
									
									
									
									
					1				
									
									
									
									
									


Drops/Field 39
[0, 0, 0]
									
									
									
									
					1				
									
									
									
									
									


Drops/Field 40
[0, 0, 0]
									
									
									
									
					1				
									
									
									
									
									


Drops/Field 41
[0, 0, 0]
									
									
									
									
					1				
									
									
									
									
									


Drops/Field 42
[0, 0, 0]
									
									
									
									
					1				
									
									
									
									
									


Drops/Field 43
[0, 0, 0]
									
									
									
									
					1				
									
									
									
									
									


Drops/Field 44
[0, 0, 0]
									
									
									
									
					1				
									
									
									
									
									


Drops/Field 45
[0, 0, 0]
									
									
									
									
					1				
									
									
									
									
									


Drops/Field 46
[0, 0, 0]
									
									
									
									
					1				
									
									
									
									
									


Drops/Field 47
[0, 0, 0]
									
									
									
									
					1				
									
									
									
									
									


Drops/Field 48
[0, 0, 0]
									
									
									
									
					1				
									
									
									
									
									



Run Name: CellenONE_spot_nanoPOTS_4x12_4pt5mm
Task Names: HeadCameraLight_ON/NanoPOTS_4x12_FTRP_1pt5mm_4pt5mm/Scan_whole_area/Cell_Prepartion_message/BeginLoop/AutoCellDetection/SpotProbeRun/EndLoop/Scan_whole_area/MoveHome
Tasks:
HeadCameraLight_ON=
1	I/O	switch ON	2	DOutput2	Head Cam Light	ON	0																																																																																																																																																																																
NanoPOTS_4x12_FTRP_1pt5mm_4pt5mm=
5	Function		Find Target Reference Points	21	10/0/400.00/0/2/0/500.00/2/2/0/0/7600;-1150	C:\Users\Scienion AG\cellenONE - nanoPOTS\Template\nanoPOTS_Test1.bmp	1/67500/0/0/1/0/0/1/0/0	C:\																																																																																																																																																																															
Scan_whole_area=
5	Function		Scan Spot Area	10	C:\	0	0;0	0																																																																																																																																																																															
Cell_Prepartion_message=
4	Message		Prepare your cells for isolation and then press continue.	OK																																																																																																																																																																																			
5	Function		Nozzle Setup	0																																																																																																																																																																																			
BeginLoop=
5	Function	Begin Loop	Begin Loop	1																																																																																																																																																																																			
AutoCellDetection=
5	Function		AutoParticleDetection	30	C:\Images		0/0/500/0/0/1	1																																																																																																																																																																															
SpotProbeRun=
0	Drives		1	Target	163581	106000	23407	25000	25000	15000																																																																																																																																																																													
2	Piezo		S_N	Run	0																																																																																																																																																																																		
EndLoop=
5	Function	End Loop	End Loop	2																																																																																																																																																																																			
Scan_whole_area=
5	Function		Scan Spot Area	10	C:\	0	0;0	0																																																																																																																																																																															
MoveHome=
0	Drives		2	Home	0	0	0	25000	20000	15000																																																																																																																																																																													

25.10.21-14:24:21.304	1	I/O	switch ON	2	DOutput2	Head Cam Light	ON	0																																																																																																																																																																																
25.10.21-14:24:21.306	5	Function		Find Target Reference Points	21	10/0/400.00/0/2/0/500.00/2/2/0/0/7600;-1150	C:\Users\Scienion AG\cellenONE - nanoPOTS\Template\nanoPOTS_Test1.bmp	1/67500/0/0/1/0/0/1/0/0	C:\																																																																																																																																																																															
25.10.21-14:24:21.389	Z=8400   8400__1
25.10.21-14:24:21.722	X=203298   203225__Y=94067   94067
25.10.21-14:24:21.772	X=203298   203288__Y=94067   94067
25.10.21-14:24:22.385	X=135798   135878__Y=94067   94067
25.10.21-14:24:22.436	X=135798   135814__Y=94067   94067
25.10.21-14:24:22.449	Humidity=	34	  Temperature=	22	  Dew Point=	5.4	  Adj. Temp=	3.9	  Bath Temp=	3.9
25.10.21-14:24:22.832	5	Function		Scan Spot Area	10	C:\	0	0;0	0																																																																																																																																																																															
25.10.21-14:24:22.916	Z=8400   8400__1
25.10.21-14:24:23.076	X=146964   146924__Y=95543   95543
25.10.21-14:24:23.126	X=146964   146959__Y=95543   95543
25.10.21-14:24:23.558	X=153887   153862__Y=95543   95543
25.10.21-14:24:23.607	X=153887   153883__Y=95543   95543
25.10.21-14:24:24.038	X=160809   160784__Y=95543   95543
25.10.21-14:24:24.092	X=160809   160806__Y=95543   95543
25.10.21-14:24:24.525	X=167731   167705__Y=95543   95543
25.10.21-14:24:24.575	X=167731   167728__Y=95543   95543
25.10.21-14:24:25.009	X=174654   174634__Y=95543   95543
25.10.21-14:24:25.440	X=181576   181549__Y=95543   95543
25.10.21-14:24:25.491	X=181576   181578__Y=95543   95543
25.10.21-14:24:25.921	X=188498   188476__Y=95543   95543
25.10.21-14:24:25.971	X=188498   188496__Y=95543   95543
25.10.21-14:24:26.404	X=195420   195400__Y=95543   95543
25.10.21-14:24:26.836	X=202343   202320__Y=95543   95543
25.10.21-14:24:26.887	X=202343   202346__Y=95543   95543
25.10.21-14:24:27.320	X=209265   209248__Y=95543   95543
25.10.21-14:24:27.920	X=146964   147026__Y=101077   101078
25.10.21-14:24:27.972	X=146964   146977__Y=101077   101077
25.10.21-14:24:28.405	X=153887   153864__Y=101077   101077
25.10.21-14:24:28.457	X=153887   153888__Y=101077   101077
25.10.21-14:24:28.889	X=160809   160788__Y=101077   101077
25.10.21-14:24:28.941	X=160809   160806__Y=101077   101077
25.10.21-14:24:29.374	X=167731   167704__Y=101077   101077
25.10.21-14:24:29.426	X=167731   167727__Y=101077   101077
25.10.21-14:24:29.858	X=174654   174635__Y=101077   101077
25.10.21-14:24:30.290	X=181576   181554__Y=101077   101077
25.10.21-14:24:30.342	X=181576   181578__Y=101077   101077
25.10.21-14:24:30.773	X=188498   188475__Y=101077   101077
25.10.21-14:24:30.823	X=188498   188496__Y=101077   101077
25.10.21-14:24:31.258	X=195420   195401__Y=101077   101077
25.10.21-14:24:31.691	X=202343   202323__Y=101077   101077
25.10.21-14:24:32.123	X=209265   209242__Y=101077   101077
25.10.21-14:24:32.176	X=209265   209267__Y=101077   101077
25.10.21-14:24:32.776	X=146964   147034__Y=106611   106612
25.10.21-14:24:32.828	X=146964   146977__Y=106611   106612
25.10.21-14:24:33.259	X=153887   153859__Y=106611   106611
25.10.21-14:24:33.309	X=153887   153890__Y=106611   106611
25.10.21-14:24:33.739	X=160809   160783__Y=106611   106611
25.10.21-14:24:33.788	X=160809   160807__Y=106611   106611
25.10.21-14:24:34.220	X=167731   167709__Y=106611   106611
25.10.21-14:24:34.273	X=167731   167727__Y=106611   106611
25.10.21-14:24:34.706	X=174654   174633__Y=106611   106611
25.10.21-14:24:34.758	X=174654   174650__Y=106611   106611
25.10.21-14:24:35.191	X=181576   181561__Y=106611   106611
25.10.21-14:24:35.623	X=188498   188478__Y=106611   106611
25.10.21-14:24:36.051	X=195420   195388__Y=106611   106611
25.10.21-14:24:36.103	X=195420   195421__Y=106611   106611
25.10.21-14:24:36.535	X=202343   202320__Y=106611   106611
25.10.21-14:24:36.585	X=202343   202342__Y=106611   106611
25.10.21-14:24:37.019	X=209265   209248__Y=106611   106611
25.10.21-14:24:37.619	X=146964   147030__Y=112145   112146
25.10.21-14:24:37.670	X=146964   146976__Y=112145   112146
25.10.21-14:24:38.104	X=153887   153864__Y=112145   112145
25.10.21-14:24:38.155	X=153887   153888__Y=112145   112145
25.10.21-14:24:38.587	X=160809   160789__Y=112145   112145
25.10.21-14:24:39.016	X=167731   167702__Y=112145   112145
25.10.21-14:24:39.069	X=167731   167732__Y=112145   112145
25.10.21-14:24:39.507	X=174654   174639__Y=112145   112145
25.10.21-14:24:39.939	X=181576   181552__Y=112145   112145
25.10.21-14:24:39.991	X=181576   181578__Y=112145   112145
25.10.21-14:24:40.425	X=188498   188481__Y=112145   112145
25.10.21-14:24:40.856	X=195420   195398__Y=112145   112145
25.10.21-14:24:40.905	X=195420   195423__Y=112145   112145
25.10.21-14:24:41.339	X=202343   202325__Y=112145   112145
25.10.21-14:24:41.775	X=209265   209244__Y=112145   112145
25.10.21-14:24:41.827	X=209265   209268__Y=112145   112145
25.10.21-14:24:42.579	4	Message		Prepare your cells for isolation and then press continue.	OK																																																																																																																																																																																			
25.10.21-14:24:42.586	Comment: Prepare your cells for isolation and then press continue.
25.10.21-14:24:44.291	5	Function		Nozzle Setup	0																																																																																																																																																																																			
25.10.21-14:24:44.292	Manual Nozzle Setup ON
25.10.21-14:24:47.569	Z=21000   21000__1
25.10.21-14:24:47.579	AXIS STATUS:   181	 0	 6	37120254	003C

25.10.21-14:24:47.581	AXIS STATUS:   182	 0	 6	37120354	003C

25.10.21-14:24:48.156	X=40535   40605__Y=866   867
25.10.21-14:24:48.172	AXIS STATUS:   181	 0	 6	37160A44	003C

25.10.21-14:24:48.174	AXIS STATUS:   182	 0	 6	37120254	003C

25.10.21-14:24:48.207	X=40535   40547__Y=866   866
25.10.21-14:24:48.820	Z=26095   26095__1
25.10.21-14:25:06.935	Manual Nozzle Setup OFF
25.10.21-14:25:06.936	5	Function	Begin Loop	Begin Loop	1																																																																																																																																																																																			
25.10.21-14:25:06.938	5	Function		AutoParticleDetection	30	C:\Images		0/0/500/0/0/1	1																																																																																																																																																																															
25.10.21-14:25:06.980	X=40535   40535__Y=866   866
25.10.21-14:25:07.057	Z=26095   26095__1
25.10.21-14:25:08.013	1	10/ 6	1	K7	1	1	1	1	5	4
25.10.21-14:25:08.134	Z=25900   25900__1
25.10.21-14:25:08.528	X=84089   84087__Y=91788   91763
25.10.21-14:25:08.583	X=84089   84103__Y=91788   91787
25.10.21-14:25:08.684	Z=26095   26095__1
25.10.21-14:25:08.716	5	Function	End Loop	End Loop	2																																																																																																																																																																																			
25.10.21-14:25:08.717	5	Function		AutoParticleDetection	30	C:\Images		0/0/500/0/0/1	1																																																																																																																																																																															
25.10.21-14:25:09.177	X=40535   40527__Y=866   876
25.10.21-14:25:09.817	1	10/ 6	1	K7	1	1	2	1	5	4
25.10.21-14:25:10.792	X=88589   88591__Y=91816   91793
25.10.21-14:25:10.856	X=88589   88589__Y=91816   91820
25.10.21-14:25:10.888	5	Function	End Loop	End Loop	2																																																																																																																																																																																			
25.10.21-14:25:10.890	5	Function		AutoParticleDetection	30	C:\Images		0/0/500/0/0/1	1																																																																																																																																																																															
25.10.21-14:25:11.348	X=40535   40528__Y=866   875
25.10.21-14:25:13.383	1	10/ 6	1	K7	1	1	3	1	5	4
25.10.21-14:25:14.357	X=93089   93087__Y=91845   91822
25.10.21-14:25:14.418	X=93089   93092__Y=91845   91848
25.10.21-14:25:14.452	5	Function	End Loop	End Loop	2																																																																																																																																																																																			
25.10.21-14:25:14.453	5	Function		AutoParticleDetection	30	C:\Images		0/0/500/0/0/1	1																																																																																																																																																																															
25.10.21-14:25:14.912	X=40535   40530__Y=866   876
25.10.21-14:25:15.300	1	10/ 6	1	K7	1	1	4	1	5	4
25.10.21-14:25:16.275	X=97589   97587__Y=91873   91850
25.10.21-14:25:16.337	X=97589   97588__Y=91873   91876
25.10.21-14:25:16.370	5	Function	End Loop	End Loop	2																																																																																																																																																																																			
25.10.21-14:25:16.371	5	Function		AutoParticleDetection	30	C:\Images		0/0/500/0/0/1	1																																																																																																																																																																															
25.10.21-14:25:16.832	X=40535   40530__Y=866   877
25.10.21-14:25:17.362	1	10/ 6	1	K7	1	1	5	1	5	4
25.10.21-14:25:18.337	X=102088   102088__Y=91902   91879
25.10.21-14:25:18.397	X=102088   102086__Y=91902   91904
25.10.21-14:25:18.431	5	Function	End Loop	End Loop	2																																																																																																																																																																																			
25.10.21-14:25:18.433	5	Function		AutoParticleDetection	30	C:\Images		0/0/500/0/0/1	1																																																																																																																																																																															
25.10.21-14:25:18.890	X=40535   40530__Y=866   878
25.10.21-14:25:19.471	1	10/ 6	1	K7	1	1	6	1	5	4
25.10.21-14:25:20.445	X=106588   106588__Y=91930   91907
25.10.21-14:25:20.508	X=106588   106588__Y=91930   91932
25.10.21-14:25:20.542	5	Function	End Loop	End Loop	2																																																																																																																																																																																			
25.10.21-14:25:20.544	5	Function		AutoParticleDetection	30	C:\Images		0/0/500/0/0/1	1																																																																																																																																																																															
25.10.21-14:25:21.003	X=40535   40532__Y=866   879
25.10.21-14:25:21.373	1	10/ 6	1	K7	1	1	7	1	5	4
25.10.21-14:25:22.350	X=111088   111089__Y=91959   91938
25.10.21-14:25:22.412	X=111088   111089__Y=91959   91961
25.10.21-14:25:22.443	5	Function	End Loop	End Loop	2																																																																																																																																																																																			
25.10.21-14:25:22.445	5	Function		AutoParticleDetection	30	C:\Images		0/0/500/0/0/1	1																																																																																																																																																																															
25.10.21-14:25:22.460	Humidity=	34	  Temperature=	22	  Dew Point=	5.4	  Adj. Temp=	3.9	  Bath Temp=	3.9
25.10.21-14:25:22.903	X=40535   40533__Y=866   878
25.10.21-14:25:24.216	1	10/ 6	1	K7	1	1	8	1	5	4
25.10.21-14:25:25.193	X=115588   115589__Y=91987   91966
25.10.21-14:25:25.255	X=115588   115590__Y=91987   91989
25.10.21-14:25:25.286	5	Function	End Loop	End Loop	2																																																																																																																																																																																			
25.10.21-14:25:25.287	5	Function		AutoParticleDetection	30	C:\Images		0/0/500/0/0/1	1																																																																																																																																																																															
25.10.21-14:25:25.746	X=40535   40531__Y=866   878
25.10.21-14:25:26.101	1	10/ 6	1	K7	1	1	9	1	5	4
25.10.21-14:25:27.077	X=120088   120085__Y=92016   91994
25.10.21-14:25:27.139	X=120088   120090__Y=92016   92017
25.10.21-14:25:27.173	5	Function	End Loop	End Loop	2																																																																																																																																																																																			
25.10.21-14:25:27.174	5	Function		AutoParticleDetection	30	C:\Images		0/0/500/0/0/1	1																																																																																																																																																																															
25.10.21-14:25:27.635	X=40535   40530__Y=866   878
25.10.21-14:25:28.452	1	10/ 6	1	K7	1	1	10	1	5	4
25.10.21-14:25:29.428	X=124588   124587__Y=92044   92020
25.10.21-14:25:29.488	X=124588   124587__Y=92044   92045
25.10.21-14:25:29.522	5	Function	End Loop	End Loop	2																																																																																																																																																																																			
25.10.21-14:25:29.523	5	Function		AutoParticleDetection	30	C:\Images		0/0/500/0/0/1	1																																																																																																																																																																															
25.10.21-14:25:29.995	X=40535   40530__Y=866   876
25.10.21-14:25:31.888	1	10/ 6	1	K7	1	1	11	1	5	4
25.10.21-14:25:32.868	X=129088   129080__Y=92073   92052
25.10.21-14:25:32.926	X=129088   129084__Y=92073   92075
25.10.21-14:25:32.957	5	Function	End Loop	End Loop	2																																																																																																																																																																																			
25.10.21-14:25:32.959	5	Function		AutoParticleDetection	30	C:\Images		0/0/500/0/0/1	1																																																																																																																																																																															
25.10.21-14:25:33.457	X=40535   40532__Y=866   871
25.10.21-14:25:33.773	1	10/ 6	1	K7	1	1	12	1	5	4
25.10.21-14:25:34.812	X=133588   133576__Y=92101   92105
25.10.21-14:25:34.844	5	Function	End Loop	End Loop	2																																																																																																																																																																																			
25.10.21-14:25:34.845	5	Function		AutoParticleDetection	30	C:\Images		0/0/500/0/0/1	1																																																																																																																																																																															
25.10.21-14:25:35.309	X=40535   40556__Y=866   878
25.10.21-14:25:35.360	X=40535   40534__Y=866   864
25.10.21-14:25:36.041	1	10/ 6	1	K7	1	1	13	1	5	4
25.10.21-14:25:37.060	X=84060   84058__Y=96288   96267
25.10.21-14:25:37.123	X=84060   84061__Y=96288   96292
25.10.21-14:25:37.160	5	Function	End Loop	End Loop	2																																																																																																																																																																																			
25.10.21-14:25:37.162	5	Function		AutoParticleDetection	30	C:\Images		0/0/500/0/0/1	1																																																																																																																																																																															
25.10.21-14:25:37.631	X=40535   40528__Y=866   878
25.10.21-14:25:39.623	1	10/ 6	1	K7	1	1	14	1	5	4
25.10.21-14:25:40.642	X=88560   88562__Y=96316   96294
25.10.21-14:25:40.703	X=88560   88558__Y=96316   96319
25.10.21-14:25:40.740	5	Function	End Loop	End Loop	2																																																																																																																																																																																			
25.10.21-14:25:40.742	5	Function		AutoParticleDetection	30	C:\Images		0/0/500/0/0/1	1																																																																																																																																																																															
25.10.21-14:25:41.212	X=40535   40527__Y=866   875
25.10.21-14:25:41.746	1	10/ 6	1	K7	1	1	15	1	5	4
25.10.21-14:25:42.765	X=93060   93062__Y=96345   96323
25.10.21-14:25:42.829	X=93060   93061__Y=96345   96349
25.10.21-14:25:42.866	5	Function	End Loop	End Loop	2																																																																																																																																																																																			
25.10.21-14:25:42.868	5	Function		AutoParticleDetection	30	C:\Images		0/0/500/0/0/1	1																																																																																																																																																																															
25.10.21-14:25:43.337	X=40535   40528__Y=866   875
25.10.21-14:25:43.792	1	10/ 6	1	K7	1	1	16	1	5	4
25.10.21-14:25:44.812	X=97560   97558__Y=96373   96352
25.10.21-14:25:44.875	X=97560   97563__Y=96373   96377
25.10.21-14:25:44.912	5	Function	End Loop	End Loop	2																																																																																																																																																																																			
25.10.21-14:25:44.913	5	Function		AutoParticleDetection	30	C:\Images		0/0/500/0/0/1	1																																																																																																																																																																															
25.10.21-14:25:45.385	X=40535   40529__Y=866   875
25.10.21-14:25:45.758	1	10/ 6	1	K7	1	1	17	1	5	4
25.10.21-14:25:46.780	X=102060   102058__Y=96402   96382
25.10.21-14:25:46.814	5	Function	End Loop	End Loop	2																																																																																																																																																																																			
25.10.21-14:25:46.815	5	Function		AutoParticleDetection	30	C:\Images		0/0/500/0/0/1	1																																																																																																																																																																															
25.10.21-14:25:47.286	X=40535   40530__Y=866   876
25.10.21-14:25:48.219	1	10/ 6	1	K7	1	1	18	1	5	4
25.10.21-14:25:49.240	X=106560   106560__Y=96430   96410
25.10.21-14:25:49.274	5	Function	End Loop	End Loop	2																																																																																																																																																																																			
25.10.21-14:25:49.276	5	Function		AutoParticleDetection	30	C:\Images		0/0/500/0/0/1	1																																																																																																																																																																															
25.10.21-14:25:49.746	X=40535   40532__Y=866   877
25.10.21-14:25:49.912	1	10/ 6	1	K7	1	1	19	1	5	4
25.10.21-14:25:50.934	X=111060   111060__Y=96459   96439
25.10.21-14:25:50.968	5	Function	End Loop	End Loop	2																																																																																																																																																																																			
25.10.21-14:25:50.969	5	Function		AutoParticleDetection	30	C:\Images		0/0/500/0/0/1	1																																																																																																																																																																															
25.10.21-14:25:51.440	X=40535   40532__Y=866   878
25.10.21-14:25:52.183	1	10/ 6	1	K7	1	1	20	1	5	4
25.10.21-14:25:53.206	X=115560   115562__Y=96487   96469
25.10.21-14:25:53.237	5	Function	End Loop	End Loop	2																																																																																																																																																																																			
25.10.21-14:25:53.238	5	Function		AutoParticleDetection	30	C:\Images		0/0/500/0/0/1	1																																																																																																																																																																															
25.10.21-14:25:53.709	X=40535   40533__Y=866   879
25.10.21-14:25:55.027	1	10/ 6	1	K7	1	1	21	1	5	4
25.10.21-14:25:56.050	X=120060   120063__Y=96516   96497
25.10.21-14:25:56.081	5	Function	End Loop	End Loop	2																																																																																																																																																																																			
25.10.21-14:25:56.082	5	Function		AutoParticleDetection	30	C:\Images		0/0/500/0/0/1	1																																																																																																																																																																															
25.10.21-14:25:56.553	X=40535   40532__Y=866   879
25.10.21-14:25:56.864	1	10/ 6	1	K7	1	1	22	1	5	4
25.10.21-14:25:57.886	X=124560   124559__Y=96544   96525
25.10.21-14:25:57.920	5	Function	End Loop	End Loop	2																																																																																																																																																																																			
25.10.21-14:25:57.922	5	Function		AutoParticleDetection	30	C:\Images		0/0/500/0/0/1	1																																																																																																																																																																															
25.10.21-14:25:58.391	X=40535   40530__Y=866   880
25.10.21-14:25:58.623	1	10/ 6	1	K7	1	1	23	1	5	4
25.10.21-14:25:59.646	X=129059   129058__Y=96573   96552
25.10.21-14:25:59.708	X=129059   129058__Y=96573   96575
25.10.21-14:25:59.742	5	Function	End Loop	End Loop	2																																																																																																																																																																																			
25.10.21-14:25:59.744	5	Function		AutoParticleDetection	30	C:\Images		0/0/500/0/0/1	1																																																																																																																																																																															
25.10.21-14:26:00.225	X=40535   40531__Y=866   875
25.10.21-14:26:02.442	1	10/ 6	1	K7	1	1	24	1	5	4
25.10.21-14:26:03.467	X=133559   133552__Y=96601   96581
25.10.21-14:26:03.497	5	Function	End Loop	End Loop	2																																																																																																																																																																																			
25.10.21-14:26:03.498	5	Function		AutoParticleDetection	30	C:\Images		0/0/500/0/0/1	1																																																																																																																																																																															
25.10.21-14:26:04.011	X=40535   40534__Y=866   867
25.10.21-14:26:04.248	1	10/ 6	1	K7	1	1	25	1	5	4
25.10.21-14:26:05.313	X=84032   84032__Y=100788   100767
25.10.21-14:26:05.374	X=84032   84032__Y=100788   100791
25.10.21-14:26:05.399	5	Function	End Loop	End Loop	2																																																																																																																																																																																			
25.10.21-14:26:05.401	5	Function		AutoParticleDetection	30	C:\Images		0/0/500/0/0/1	1																																																																																																																																																																															
25.10.21-14:26:05.881	X=40535   40528__Y=866   877
25.10.21-14:26:06.852	1	10/ 6	1	K7	1	1	26	1	5	4
25.10.21-14:26:07.919	X=88532   88531__Y=100816   100796
25.10.21-14:26:07.956	5	Function	End Loop	End Loop	2																																																																																																																																																																																			
25.10.21-14:26:07.958	5	Function		AutoParticleDetection	30	C:\Images		0/0/500/0/0/1	1																																																																																																																																																																															
25.10.21-14:26:08.441	X=40535   40528__Y=866   878
25.10.21-14:26:10.562	1	10/ 6	1	K7	1	1	27	1	5	4
25.10.21-14:26:11.627	X=93032   93034__Y=100845   100824
25.10.21-14:26:11.690	X=93032   93029__Y=100845   100849
25.10.21-14:26:11.726	5	Function	End Loop	End Loop	2																																																																																																																																																																																			
25.10.21-14:26:11.728	5	Function		AutoParticleDetection	30	C:\Images		0/0/500/0/0/1	1																																																																																																																																																																															
25.10.21-14:26:12.210	X=40535   40528__Y=866   876
25.10.21-14:26:13.053	1	10/ 6	1	K7	1	1	28	1	5	4
25.10.21-14:26:14.118	X=97532   97535__Y=100873   100852
25.10.21-14:26:14.180	X=97532   97532__Y=100873   100876
25.10.21-14:26:14.204	5	Function	End Loop	End Loop	2																																																																																																																																																																																			
25.10.21-14:26:14.205	5	Function		AutoParticleDetection	30	C:\Images		0/0/500/0/0/1	1																																																																																																																																																																															
25.10.21-14:26:14.688	X=40535   40528__Y=866   876
25.10.21-14:26:16.312	1	10/ 6	1	K7	1	1	29	1	5	4
25.10.21-14:26:17.379	X=102031   102030__Y=100902   100881
25.10.21-14:26:17.440	X=102031   102033__Y=100902   100906
25.10.21-14:26:17.464	5	Function	End Loop	End Loop	2																																																																																																																																																																																			
25.10.21-14:26:17.465	5	Function		AutoParticleDetection	30	C:\Images		0/0/500/0/0/1	1																																																																																																																																																																															
25.10.21-14:26:17.946	X=40535   40530__Y=866   876
25.10.21-14:26:18.455	1	10/ 6	1	K7	1	1	30	1	5	4
25.10.21-14:26:19.521	X=106531   106529__Y=100930   100910
25.10.21-14:26:19.558	5	Function	End Loop	End Loop	2																																																																																																																																																																																			
25.10.21-14:26:19.559	5	Function		AutoParticleDetection	30	C:\Images		0/0/500/0/0/1	1																																																																																																																																																																															
25.10.21-14:26:20.041	X=40535   40530__Y=866   874
25.10.21-14:26:20.211	1	10/ 6	1	K7	1	1	31	1	5	4
25.10.21-14:26:21.279	X=111031   111031__Y=100959   100940
25.10.21-14:26:21.315	5	Function	End Loop	End Loop	2																																																																																																																																																																																			
25.10.21-14:26:21.317	5	Function		AutoParticleDetection	30	C:\Images		0/0/500/0/0/1	1																																																																																																																																																																															
25.10.21-14:26:21.799	X=40535   40530__Y=866   875
25.10.21-14:26:22.401	1	10/ 6	1	K7	1	1	32	1	5	4
25.10.21-14:26:22.464	Humidity=	34	  Temperature=	22	  Dew Point=	5.4	  Adj. Temp=	3.9	  Bath Temp=	3.9
25.10.21-14:26:23.467	X=115531   115533__Y=100987   100968
25.10.21-14:26:23.489	5	Function	End Loop	End Loop	2																																																																																																																																																																																			
25.10.21-14:26:23.490	5	Function		AutoParticleDetection	30	C:\Images		0/0/500/0/0/1	1																																																																																																																																																																															
25.10.21-14:26:23.970	X=40535   40532__Y=866   876
25.10.21-14:26:24.560	1	10/ 6	1	K7	1	1	33	1	5	4
25.10.21-14:26:25.626	X=120031   120033__Y=101016   100997
25.10.21-14:26:25.662	5	Function	End Loop	End Loop	2																																																																																																																																																																																			
25.10.21-14:26:25.664	5	Function		AutoParticleDetection	30	C:\Images		0/0/500/0/0/1	1																																																																																																																																																																															
25.10.21-14:26:26.145	X=40535   40533__Y=866   875
25.10.21-14:26:27.197	1	10/ 6	1	K7	1	1	34	1	5	4
25.10.21-14:26:28.264	X=124531   124533__Y=101044   101025
25.10.21-14:26:28.300	5	Function	End Loop	End Loop	2																																																																																																																																																																																			
25.10.21-14:26:28.301	5	Function		AutoParticleDetection	30	C:\Images		0/0/500/0/0/1	1																																																																																																																																																																															
25.10.21-14:26:28.784	X=40535   40531__Y=866   876
25.10.21-14:26:29.897	1	10/ 6	1	K7	1	1	35	1	5	4
25.10.21-14:26:30.966	X=129031   129029__Y=101073   101054
25.10.21-14:26:31.000	5	Function	End Loop	End Loop	2																																																																																																																																																																																			
25.10.21-14:26:31.001	5	Function		AutoParticleDetection	30	C:\Images		0/0/500/0/0/1	1																																																																																																																																																																															
25.10.21-14:26:31.482	X=40535   40533__Y=866   877
25.10.21-14:26:31.640	1	10/ 6	1	K7	1	1	36	1	5	4
25.10.21-14:26:32.708	X=133531   133531__Y=101101   101080
25.10.21-14:26:32.770	X=133531   133530__Y=101101   101102
25.10.21-14:26:32.806	5	Function	End Loop	End Loop	2																																																																																																																																																																																			
25.10.21-14:26:32.808	5	Function		AutoParticleDetection	30	C:\Images		0/0/500/0/0/1	1																																																																																																																																																																															
25.10.21-14:26:33.301	X=40535   40532__Y=866   874
25.10.21-14:26:33.686	1	10/ 6	1	K7	1	1	37	1	5	4
25.10.21-14:26:34.796	X=84003   84004__Y=105288   105269
25.10.21-14:26:34.818	5	Function	End Loop	End Loop	2																																																																																																																																																																																			
25.10.21-14:26:34.820	5	Function		AutoParticleDetection	30	C:\Images		0/0/500/0/0/1	1																																																																																																																																																																															
25.10.21-14:26:35.312	X=40535   40528__Y=866   875
25.10.21-14:26:35.491	1	10/ 6	1	K7	1	1	38	1	5	4
25.10.21-14:26:36.602	X=88503   88503__Y=105316   105297
25.10.21-14:26:36.642	5	Function	End Loop	End Loop	2																																																																																																																																																																																			
25.10.21-14:26:36.644	5	Function		AutoParticleDetection	30	C:\Images		0/0/500/0/0/1	1																																																																																																																																																																															
25.10.21-14:26:37.134	X=40535   40528__Y=866   876
25.10.21-14:26:37.375	1	10/ 6	1	K7	1	1	39	1	5	4
25.10.21-14:26:38.484	X=93003   93003__Y=105345   105325
25.10.21-14:26:38.511	5	Function	End Loop	End Loop	2																																																																																																																																																																																			
25.10.21-14:26:38.513	5	Function		AutoParticleDetection	30	C:\Images		0/0/500/0/0/1	1																																																																																																																																																																															
25.10.21-14:26:39.004	X=40535   40529__Y=866   877
25.10.21-14:26:39.550	1	10/ 6	1	K7	1	1	40	1	5	4
25.10.21-14:26:40.660	X=97503   97505__Y=105373   105354
25.10.21-14:26:40.684	5	Function	End Loop	End Loop	2																																																																																																																																																																																			
25.10.21-14:26:40.685	5	Function		AutoParticleDetection	30	C:\Images		0/0/500/0/0/1	1																																																																																																																																																																															
25.10.21-14:26:41.178	X=40535   40529__Y=866   878
25.10.21-14:26:41.770	1	10/ 6	1	K7	1	1	41	1	5	4
25.10.21-14:26:42.880	X=102003   102004__Y=105402   105383
25.10.21-14:26:42.905	5	Function	End Loop	End Loop	2																																																																																																																																																																																			
25.10.21-14:26:42.907	5	Function		AutoParticleDetection	30	C:\Images		0/0/500/0/0/1	1																																																																																																																																																																															
25.10.21-14:26:43.399	X=40535   40530__Y=866   877
25.10.21-14:26:43.703	1	10/ 6	1	K7	1	1	42	1	5	4
25.10.21-14:26:44.814	X=106503   106501__Y=105430   105411
25.10.21-14:26:44.839	5	Function	End Loop	End Loop	2																																																																																																																																																																																			
25.10.21-14:26:44.840	5	Function		AutoParticleDetection	30	C:\Images		0/0/500/0/0/1	1																																																																																																																																																																															
25.10.21-14:26:45.333	X=40535   40531__Y=866   877
25.10.21-14:26:45.910	1	10/ 6	1	K7	1	1	43	1	5	4
25.10.21-14:26:47.021	X=111003   111001__Y=105459   105441
25.10.21-14:26:47.044	5	Function	End Loop	End Loop	2																																																																																																																																																																																			
25.10.21-14:26:47.046	5	Function		AutoParticleDetection	30	C:\Images		0/0/500/0/0/1	1																																																																																																																																																																															
25.10.21-14:26:47.539	X=40535   40529__Y=866   875
25.10.21-14:26:47.635	1	10/ 6	1	K7	1	1	44	1	5	4
25.10.21-14:26:48.748	X=115503   115504__Y=105487   105471
25.10.21-14:26:48.786	5	Function	End Loop	End Loop	2																																																																																																																																																																																			
25.10.21-14:26:48.788	5	Function		AutoParticleDetection	30	C:\Images		0/0/500/0/0/1	1																																																																																																																																																																															
25.10.21-14:26:49.280	X=40535   40528__Y=866   873
25.10.21-14:26:51.118	1	10/ 6	1	K7	1	1	45	1	5	4
25.10.21-14:26:52.230	X=120003   120004__Y=105516   105499
25.10.21-14:26:52.253	5	Function	End Loop	End Loop	2																																																																																																																																																																																			
25.10.21-14:26:52.254	5	Function		AutoParticleDetection	30	C:\Images		0/0/500/0/0/1	1																																																																																																																																																																															
25.10.21-14:26:52.747	X=40535   40531__Y=866   874
25.10.21-14:26:52.845	1	10/ 6	1	K7	1	1	46	1	5	4
25.10.21-14:26:53.959	X=124503   124504__Y=105544   105528
25.10.21-14:26:53.996	5	Function	End Loop	End Loop	2																																																																																																																																																																																			
25.10.21-14:26:53.998	5	Function		AutoParticleDetection	30	C:\Images		0/0/500/0/0/1	1																																																																																																																																																																															
25.10.21-14:26:54.490	X=40535   40533__Y=866   873
25.10.21-14:26:54.987	1	10/ 6	1	K7	1	1	47	1	5	4
25.10.21-14:26:56.099	X=129002   129003__Y=105572   105555
25.10.21-14:26:56.122	5	Function	End Loop	End Loop	2																																																																																																																																																																																			
25.10.21-14:26:56.123	5	Function		AutoParticleDetection	30	C:\Images		0/0/500/0/0/1	1																																																																																																																																																																															
25.10.21-14:26:56.618	X=40535   40532__Y=866   875
25.10.21-14:26:57.143	1	10/ 6	1	K7	1	1	48	1	5	4
25.10.21-14:26:58.255	X=133502   133500__Y=105601   105585
25.10.21-14:26:58.294	5	Function	End Loop	End Loop	2																																																																																																																																																																																			
25.10.21-14:26:58.295	5	Function		Scan Spot Area	10	C:\	0	0;0	0																																																																																																																																																																															
25.10.21-14:26:59.530	Z=8400   8400__1
25.10.21-14:26:59.743	X=146964   146957__Y=95543   95534
25.10.21-14:27:00.179	X=153887   153873__Y=95543   95543
25.10.21-14:27:00.611	X=160809   160784__Y=95543   95543
25.10.21-14:27:00.661	X=160809   160810__Y=95543   95543
25.10.21-14:27:01.094	X=167731   167713__Y=95543   95543
25.10.21-14:27:01.526	X=174654   174629__Y=95543   95543
25.10.21-14:27:01.576	X=174654   174655__Y=95543   95543
25.10.21-14:27:02.008	X=181576   181554__Y=95543   95543
25.10.21-14:27:02.061	X=181576   181575__Y=95543   95543
25.10.21-14:27:02.494	X=188498   188480__Y=95543   95543
25.10.21-14:27:02.926	X=195420   195399__Y=95543   95543
25.10.21-14:27:02.978	X=195420   195423__Y=95543   95543
25.10.21-14:27:03.410	X=202343   202326__Y=95543   95543
25.10.21-14:27:03.842	X=209265   209243__Y=95543   95543
25.10.21-14:27:03.895	X=209265   209268__Y=95543   95543
25.10.21-14:27:04.493	X=146964   147032__Y=101077   101078
25.10.21-14:27:04.544	X=146964   146977__Y=101077   101077
25.10.21-14:27:04.974	X=153887   153856__Y=101077   101077
25.10.21-14:27:05.025	X=153887   153888__Y=101077   101077
25.10.21-14:27:05.457	X=160809   160785__Y=101077   101077
25.10.21-14:27:05.507	X=160809   160807__Y=101077   101077
25.10.21-14:27:05.938	X=167731   167705__Y=101077   101077
25.10.21-14:27:05.989	X=167731   167727__Y=101077   101077
25.10.21-14:27:06.422	X=174654   174636__Y=101077   101077
25.10.21-14:27:06.852	X=181576   181550__Y=101077   101077
25.10.21-14:27:06.904	X=181576   181578__Y=101077   101077
25.10.21-14:27:07.337	X=188498   188478__Y=101077   101077
25.10.21-14:27:07.769	X=195420   195400__Y=101077   101077
25.10.21-14:27:08.200	X=202343   202317__Y=101077   101077
25.10.21-14:27:08.251	X=202343   202345__Y=101077   101077
25.10.21-14:27:08.684	X=209265   209244__Y=101077   101077
25.10.21-14:27:08.735	X=209265   209264__Y=101077   101077
25.10.21-14:27:09.335	X=146964   147034__Y=106611   106612
25.10.21-14:27:09.387	X=146964   146979__Y=106611   106612
25.10.21-14:27:09.819	X=153887   153864__Y=106611   106611
25.10.21-14:27:09.868	X=153887   153888__Y=106611   106611
25.10.21-14:27:10.303	X=160809   160786__Y=106611   106611
25.10.21-14:27:10.355	X=160809   160807__Y=106611   106611
25.10.21-14:27:10.787	X=167731   167714__Y=106611   106611
25.10.21-14:27:11.221	X=174654   174633__Y=106611   106611
25.10.21-14:27:11.273	X=174654   174655__Y=106611   106611
25.10.21-14:27:11.706	X=181576   181557__Y=106611   106611
25.10.21-14:27:12.138	X=188498   188473__Y=106611   106611
25.10.21-14:27:12.193	X=188498   188500__Y=106611   106611
25.10.21-14:27:12.627	X=195420   195402__Y=106611   106611
25.10.21-14:27:13.057	X=202343   202317__Y=106611   106611
25.10.21-14:27:13.107	X=202343   202345__Y=106611   106611
25.10.21-14:27:13.539	X=209265   209246__Y=106611   106611
25.10.21-14:27:14.137	X=146964   147033__Y=112145   112146
25.10.21-14:27:14.189	X=146964   146977__Y=112145   112145
25.10.21-14:27:14.621	X=153887   153860__Y=112145   112145
25.10.21-14:27:14.671	X=153887   153888__Y=112145   112145
25.10.21-14:27:15.104	X=160809   160789__Y=112145   112145
25.10.21-14:27:15.533	X=167731   167700__Y=112145   112145
25.10.21-14:27:15.584	X=167731   167731__Y=112145   112145
25.10.21-14:27:16.016	X=174654   174631__Y=112145   112145
25.10.21-14:27:16.069	X=174654   174651__Y=112145   112145
25.10.21-14:27:16.500	X=181576   181551__Y=112145   112145
25.10.21-14:27:16.550	X=181576   181573__Y=112145   112145
25.10.21-14:27:16.983	X=188498   188479__Y=112145   112145
25.10.21-14:27:17.416	X=195420   195396__Y=112145   112145
25.10.21-14:27:17.466	X=195420   195422__Y=112145   112145
25.10.21-14:27:17.899	X=202343   202323__Y=112145   112145
25.10.21-14:27:18.332	X=209265   209244__Y=112145   112145
25.10.21-14:27:18.383	X=209265   209267__Y=112145   112145
25.10.21-14:27:19.197	0	Drives		2	Home	0	0	0	25000	20000	15000																																																																																																																																																																													
25.10.21-14:27:20.010	Z=0   0__1
25.10.21-14:27:20.628	X=0   65__Y=0   0
25.10.21-14:27:20.678	X=0   9__Y=0   0
25.10.21-14:27:20.679	
	Total detected particles:	198	
	Total volume dispensed (nl):	178.11	
	Concentration estimated (1/µl):	1111.66	

Run has finished: 2:27 PM - 10/25/2021


§01-06-32-53-46-24-10-58-43-17-36-16-24-38-60-39-58-36-34-05-23-19-54-62-28-41-61-56-40-24-08-58-13-05-39-26-54-51-26-04-43-17-27-03-06
