25.10.21-15:41:37.045	cellenONE - nanoPOTS	Start Time: 3:41 PM - 10/25/2021
cellenONE - nanoPOTS	081803
X1.v1.90	3:12 PM - 11/26/2019

Run ID: 211007J_SVEC_Fields_1-48_20211025_154135_092

Humidity: RH 10% /+3 /-3

Start Time: 3:41 PM - 10/25/2021
Pulse parameters:
Current Nozzle: 0Voltage (V): 80.0
Pulse length (µs): 50
Frequency (Hz): 500
LED Delay (µs): 200
LDE Pulse (µs): 3


cellenONE parameters:
Ejection zone bondary: 253	Sedimentation zone bondary: 350
Detection parameters:	Wait (ms) 10Min Diameter (µm) 15	Max Diameter (µm) 150	Circularity 4.000000 Max	Elongation 6.000000 Max	Remove Halo NO
Printing parameters:
	Min Diameter (µm) 24	Max Diameter (µm) 32	Lower Grey Threshold 25	Upper Grey Threshold 255	Circularity 1.150000 Max	Elongation 2.070000 Max
Plate	Plate Pos	Nozzle	Well	Target	Level	Field	Drops	X Pos	Y Pos

Probe: MTP384
Target: NanoPOTS_4x12_1pt2mm_4pt5mm: 1

Pattern File (last loaded or saved): 4x12_nanoPOTS_1pt2_4pt5mm_10x10_C10.fld

Nozzle(s): 1
Field(s):
X = 12
Y = 4
Start Point
Left: 1400
Up: 1150
X Field Gap:4491/4491/4491/4491/4491/4491/4491/4491/4491/4491/4491/4491/
Y Field Gap:4491/4491/4491/4491/
Pattern Size: 
X = 10
Y = 10
Dot Pitch: 
X = 1
Y = 1
Field 1
[0, 0, 0]
									
									
									
									
					1K7				
									
									
									
									
									


Field 2
[0, 0, 0]
									
									
									
									
					1K7				
									
									
									
									
									


Field 3
[0, 0, 0]
									
									
									
									
					1K7				
									
									
									
									
									


Field 4
[0, 0, 0]
									
									
									
									
					1K7				
									
									
									
									
									


Field 5
[0, 0, 0]
									
									
									
									
					1K7				
									
									
									
									
									


Field 6
[0, 0, 0]
									
									
									
									
					1K7				
									
									
									
									
									


Field 7
[0, 0, 0]
									
									
									
									
					1K7				
									
									
									
									
									


Field 8
[0, 0, 0]
									
									
									
									
					1K7				
									
									
									
									
									


Field 9
[0, 0, 0]
									
									
									
									
					1K7				
									
									
									
									
									


Field 10
[0, 0, 0]
									
									
									
									
					1K7				
									
									
									
									
									


Field 11
[0, 0, 0]
									
									
									
									
					1K7				
									
									
									
									
									


Field 12
[0, 0, 0]
									
									
									
									
					1K7				
									
									
									
									
									


Field 13
[0, 0, 0]
									
									
									
									
					1K7				
									
									
									
									
									


Field 14
[0, 0, 0]
									
									
									
									
					1K7				
									
									
									
									
									


Field 15
[0, 0, 0]
									
									
									
									
					1K7				
									
									
									
									
									


Field 16
[0, 0, 0]
									
									
									
									
					1K7				
									
									
									
									
									


Field 17
[0, 0, 0]
									
									
									
									
					1K7				
									
									
									
									
									


Field 18
[0, 0, 0]
									
									
									
									
					1K7				
									
									
									
									
									


Field 19
[0, 0, 0]
									
									
									
									
					1K7				
									
									
									
									
									


Field 20
[0, 0, 0]
									
									
									
									
					1K7				
									
									
									
									
									


Field 21
[0, 0, 0]
									
									
									
									
					1K7				
									
									
									
									
									


Field 22
[0, 0, 0]
									
									
									
									
					1K7				
									
									
									
									
									


Field 23
[0, 0, 0]
									
									
									
									
					1K7				
									
									
									
									
									


Field 24
[0, 0, 0]
									
									
									
									
					1K7				
									
									
									
									
									


Field 25
[0, 0, 0]
									
									
									
									
					1K7				
									
									
									
									
									


Field 26
[0, 0, 0]
									
									
									
									
					1K7				
									
									
									
									
									


Field 27
[0, 0, 0]
									
									
									
									
					1K7				
									
									
									
									
									


Field 28
[0, 0, 0]
									
									
									
									
					1K7				
									
									
									
									
									


Field 29
[0, 0, 0]
									
									
									
									
					1K7				
									
									
									
									
									


Field 30
[0, 0, 0]
									
									
									
									
					1K7				
									
									
									
									
									


Field 31
[0, 0, 0]
									
									
									
									
					1K7				
									
									
									
									
									


Field 32
[0, 0, 0]
									
									
									
									
					1K7				
									
									
									
									
									


Field 33
[0, 0, 0]
									
									
									
									
					1K7				
									
									
									
									
									


Field 34
[0, 0, 0]
									
									
									
									
					1K7				
									
									
									
									
									


Field 35
[0, 0, 0]
									
									
									
									
					1K7				
									
									
									
									
									


Field 36
[0, 0, 0]
									
									
									
									
					1K7				
									
									
									
									
									


Field 37
[0, 0, 0]
									
									
									
									
					1K7				
									
									
									
									
									


Field 38
[0, 0, 0]
									
									
									
									
					1K7				
									
									
									
									
									


Field 39
[0, 0, 0]
									
									
									
									
					1K7				
									
									
									
									
									


Field 40
[0, 0, 0]
									
									
									
									
					1K7				
									
									
									
									
									


Field 41
[0, 0, 0]
									
									
									
									
					1K7				
									
									
									
									
									


Field 42
[0, 0, 0]
									
									
									
									
					1K7				
									
									
									
									
									


Field 43
[0, 0, 0]
									
									
									
									
					1K7				
									
									
									
									
									


Field 44
[0, 0, 0]
									
									
									
									
					1K7				
									
									
									
									
									


Field 45
[0, 0, 0]
									
									
									
									
					1K7				
									
									
									
									
									


Field 46
[0, 0, 0]
									
									
									
									
					1K7				
									
									
									
									
									


Field 47
[0, 0, 0]
									
									
									
									
					1K7				
									
									
									
									
									


Field 48
[0, 0, 0]
									
									
									
									
					1K7				
									
									
									
									
									


Drops/Field 1
[0, 0, 0]
									
									
									
									
					1				
									
									
									
									
									


Drops/Field 2
[0, 0, 0]
									
									
									
									
					1				
									
									
									
									
									


Drops/Field 3
[0, 0, 0]
									
									
									
									
					1				
									
									
									
									
									


Drops/Field 4
[0, 0, 0]
									
									
									
									
					1				
									
									
									
									
									


Drops/Field 5
[0, 0, 0]
									
									
									
									
					1				
									
									
									
									
									


Drops/Field 6
[0, 0, 0]
									
									
									
									
					1				
									
									
									
									
									


Drops/Field 7
[0, 0, 0]
									
									
									
									
					1				
									
									
									
									
									


Drops/Field 8
[0, 0, 0]
									
									
									
									
					1				
									
									
									
									
									


Drops/Field 9
[0, 0, 0]
									
									
									
									
					1				
									
									
									
									
									


Drops/Field 10
[0, 0, 0]
									
									
									
									
					1				
									
									
									
									
									


Drops/Field 11
[0, 0, 0]
									
									
									
									
					1				
									
									
									
									
									


Drops/Field 12
[0, 0, 0]
									
									
									
									
					1				
									
									
									
									
									


Drops/Field 13
[0, 0, 0]
									
									
									
									
					1				
									
									
									
									
									


Drops/Field 14
[0, 0, 0]
									
									
									
									
					1				
									
									
									
									
									


Drops/Field 15
[0, 0, 0]
									
									
									
									
					1				
									
									
									
									
									


Drops/Field 16
[0, 0, 0]
									
									
									
									
					1				
									
									
									
									
									


Drops/Field 17
[0, 0, 0]
									
									
									
									
					1				
									
									
									
									
									


Drops/Field 18
[0, 0, 0]
									
									
									
									
					1				
									
									
									
									
									


Drops/Field 19
[0, 0, 0]
									
									
									
									
					1				
									
									
									
									
									


Drops/Field 20
[0, 0, 0]
									
									
									
									
					1				
									
									
									
									
									


Drops/Field 21
[0, 0, 0]
									
									
									
									
					1				
									
									
									
									
									


Drops/Field 22
[0, 0, 0]
									
									
									
									
					1				
									
									
									
									
									


Drops/Field 23
[0, 0, 0]
									
									
									
									
					1				
									
									
									
									
									


Drops/Field 24
[0, 0, 0]
									
									
									
									
					1				
									
									
									
									
									


Drops/Field 25
[0, 0, 0]
									
									
									
									
					1				
									
									
									
									
									


Drops/Field 26
[0, 0, 0]
									
									
									
									
					1				
									
									
									
									
									


Drops/Field 27
[0, 0, 0]
									
									
									
									
					1				
									
									
									
									
									


Drops/Field 28
[0, 0, 0]
									
									
									
									
					1				
									
									
									
									
									


Drops/Field 29
[0, 0, 0]
									
									
									
									
					1				
									
									
									
									
									


Drops/Field 30
[0, 0, 0]
									
									
									
									
					1				
									
									
									
									
									


Drops/Field 31
[0, 0, 0]
									
									
									
									
					1				
									
									
									
									
									


Drops/Field 32
[0, 0, 0]
									
									
									
									
					1				
									
									
									
									
									


Drops/Field 33
[0, 0, 0]
									
									
									
									
					1				
									
									
									
									
									


Drops/Field 34
[0, 0, 0]
									
									
									
									
					1				
									
									
									
									
									


Drops/Field 35
[0, 0, 0]
									
									
									
									
					1				
									
									
									
									
									


Drops/Field 36
[0, 0, 0]
									
									
									
									
					1				
									
									
									
									
									


Drops/Field 37
[0, 0, 0]
									
									
									
									
					1				
									
									
									
									
									


Drops/Field 38
[0, 0, 0]
									
									
									
									
					1				
									
									
									
									
									


Drops/Field 39
[0, 0, 0]
									
									
									
									
					1				
									
									
									
									
									


Drops/Field 40
[0, 0, 0]
									
									
									
									
					1				
									
									
									
									
									


Drops/Field 41
[0, 0, 0]
									
									
									
									
					1				
									
									
									
									
									


Drops/Field 42
[0, 0, 0]
									
									
									
									
					1				
									
									
									
									
									


Drops/Field 43
[0, 0, 0]
									
									
									
									
					1				
									
									
									
									
									


Drops/Field 44
[0, 0, 0]
									
									
									
									
					1				
									
									
									
									
									


Drops/Field 45
[0, 0, 0]
									
									
									
									
					1				
									
									
									
									
									


Drops/Field 46
[0, 0, 0]
									
									
									
									
					1				
									
									
									
									
									


Drops/Field 47
[0, 0, 0]
									
									
									
									
					1				
									
									
									
									
									


Drops/Field 48
[0, 0, 0]
									
									
									
									
					1				
									
									
									
									
									



Run Name: CellenONE_spot_nanoPOTS_4x12_4pt5mm
Task Names: HeadCameraLight_ON/NanoPOTS_4x12_FTRP_1pt5mm_4pt5mm/Scan_whole_area/Cell_Prepartion_message/BeginLoop/AutoCellDetection/SpotProbeRun/EndLoop/Scan_whole_area/MoveHome
Tasks:
HeadCameraLight_ON=
1	I/O	switch ON	2	DOutput2	Head Cam Light	ON	0																																																																																																																																																																																
NanoPOTS_4x12_FTRP_1pt5mm_4pt5mm=
5	Function		Find Target Reference Points	21	10/0/400.00/0/2/0/500.00/2/2/0/0/7600;-1150	C:\Users\Scienion AG\cellenONE - nanoPOTS\Template\nanoPOTS_Test1.bmp	1/67500/0/0/1/0/0/1/0/0	C:\																																																																																																																																																																															
Scan_whole_area=
5	Function		Scan Spot Area	10	C:\	0	0;0	0																																																																																																																																																																															
Cell_Prepartion_message=
4	Message		Prepare your cells for isolation and then press continue.	OK																																																																																																																																																																																			
5	Function		Nozzle Setup	0																																																																																																																																																																																			
BeginLoop=
5	Function	Begin Loop	Begin Loop	1																																																																																																																																																																																			
AutoCellDetection=
5	Function		AutoParticleDetection	30	C:\Images		0/0/500/0/0/1	1																																																																																																																																																																															
SpotProbeRun=
0	Drives		1	Target	163581	106000	23407	25000	25000	15000																																																																																																																																																																													
2	Piezo		S_N	Run	0																																																																																																																																																																																		
EndLoop=
5	Function	End Loop	End Loop	2																																																																																																																																																																																			
Scan_whole_area=
5	Function		Scan Spot Area	10	C:\	0	0;0	0																																																																																																																																																																															
MoveHome=
0	Drives		2	Home	0	0	0	25000	20000	15000																																																																																																																																																																													

25.10.21-15:41:37.186	1	I/O	switch ON	2	DOutput2	Head Cam Light	ON	0																																																																																																																																																																																
25.10.21-15:41:37.189	5	Function		Find Target Reference Points	21	10/0/400.00/0/2/0/500.00/2/2/0/0/7600;-1150	C:\Users\Scienion AG\cellenONE - nanoPOTS\Template\nanoPOTS_Test1.bmp	1/67500/0/0/1/0/0/1/0/0	C:\																																																																																																																																																																															
25.10.21-15:41:38.433	Z=8400   8400__1
25.10.21-15:41:39.008	X=203298   203239__Y=94067   94069
25.10.21-15:41:39.060	X=203298   203289__Y=94067   94067
25.10.21-15:41:39.669	X=135798   135881__Y=94067   94067
25.10.21-15:41:39.721	X=135798   135813__Y=94067   94067
25.10.21-15:41:40.141	5	Function		Scan Spot Area	10	C:\	0	0;0	0																																																																																																																																																																															
25.10.21-15:41:40.221	Z=8400   8400__1
25.10.21-15:41:40.381	X=146954   146919__Y=95518   95518
25.10.21-15:41:40.433	X=146954   146951__Y=95518   95518
25.10.21-15:41:40.866	X=153877   153850__Y=95518   95518
25.10.21-15:41:40.918	X=153877   153874__Y=95518   95518
25.10.21-15:41:41.352	X=160799   160779__Y=95518   95518
25.10.21-15:41:41.784	X=167721   167695__Y=95518   95518
25.10.21-15:41:41.836	X=167721   167721__Y=95518   95518
25.10.21-15:41:42.268	X=174644   174620__Y=95518   95518
25.10.21-15:41:42.318	X=174644   174642__Y=95518   95518
25.10.21-15:41:42.751	X=181566   181544__Y=95518   95518
25.10.21-15:41:42.803	X=181566   181564__Y=95518   95518
25.10.21-15:41:43.236	X=188488   188469__Y=95518   95518
25.10.21-15:41:43.669	X=195411   195386__Y=95518   95518
25.10.21-15:41:43.721	X=195411   195413__Y=95518   95518
25.10.21-15:41:44.151	X=202333   202308__Y=95518   95518
25.10.21-15:41:44.200	X=202333   202332__Y=95518   95518
25.10.21-15:41:44.632	X=209255   209235__Y=95518   95518
25.10.21-15:41:45.232	X=146954   147022__Y=101052   101053
25.10.21-15:41:45.282	X=146954   146966__Y=101052   101052
25.10.21-15:41:45.713	X=153877   153843__Y=101052   101052
25.10.21-15:41:45.764	X=153877   153877__Y=101052   101052
25.10.21-15:41:46.198	X=160799   160780__Y=101052   101052
25.10.21-15:41:46.628	X=167721   167694__Y=101052   101052
25.10.21-15:41:46.680	X=167721   167721__Y=101052   101052
25.10.21-15:41:47.112	X=174644   174622__Y=101052   101052
25.10.21-15:41:47.163	X=174644   174642__Y=101052   101052
25.10.21-15:41:47.593	X=181566   181538__Y=101052   101052
25.10.21-15:41:47.646	X=181566   181564__Y=101052   101052
25.10.21-15:41:48.080	X=188488   188470__Y=101052   101052
25.10.21-15:41:48.512	X=195411   195386__Y=101052   101052
25.10.21-15:41:48.564	X=195411   195413__Y=101052   101052
25.10.21-15:41:48.995	X=202333   202312__Y=101052   101052
25.10.21-15:41:49.044	X=202333   202332__Y=101052   101052
25.10.21-15:41:49.474	X=209255   209231__Y=101052   101052
25.10.21-15:41:49.527	X=209255   209255__Y=101052   101052
25.10.21-15:41:50.126	X=146954   147021__Y=106586   106587
25.10.21-15:41:50.177	X=146954   146968__Y=106586   106587
25.10.21-15:41:50.608	X=153877   153847__Y=106586   106586
25.10.21-15:41:50.661	X=153877   153878__Y=106586   106586
25.10.21-15:41:51.094	X=160799   160775__Y=106586   106586
25.10.21-15:41:51.144	X=160799   160798__Y=106586   106586
25.10.21-15:41:51.575	X=167721   167697__Y=106586   106586
25.10.21-15:41:51.626	X=167721   167719__Y=106586   106586
25.10.21-15:41:52.060	X=174644   174624__Y=106586   106586
25.10.21-15:41:52.491	X=181566   181537__Y=106586   106586
25.10.21-15:41:52.543	X=181566   181567__Y=106586   106586
25.10.21-15:41:52.975	X=188488   188465__Y=106586   106586
25.10.21-15:41:53.027	X=188488   188487__Y=106586   106586
25.10.21-15:41:53.461	X=195411   195395__Y=106586   106586
25.10.21-15:41:53.891	X=202333   202307__Y=106586   106586
25.10.21-15:41:53.940	X=202333   202335__Y=106586   106586
25.10.21-15:41:54.371	X=209255   209233__Y=106586   106586
25.10.21-15:41:54.424	X=209255   209255__Y=106586   106586
25.10.21-15:41:55.022	X=146954   147023__Y=112120   112121
25.10.21-15:41:55.072	X=146954   146968__Y=112120   112121
25.10.21-15:41:55.506	X=153877   153854__Y=112120   112120
25.10.21-15:41:55.560	X=153877   153879__Y=112120   112120
25.10.21-15:41:55.993	X=160799   160777__Y=112120   112120
25.10.21-15:41:56.045	X=160799   160797__Y=112120   112120
25.10.21-15:41:56.478	X=167721   167700__Y=112120   112120
25.10.21-15:41:56.531	X=167721   167718__Y=112120   112120
25.10.21-15:41:56.963	X=174644   174623__Y=112120   112120
25.10.21-15:41:57.014	X=174644   174642__Y=112120   112120
25.10.21-15:41:57.447	X=181566   181541__Y=112120   112120
25.10.21-15:41:57.499	X=181566   181563__Y=112120   112120
25.10.21-15:41:57.932	X=188488   188467__Y=112120   112120
25.10.21-15:41:57.983	X=188488   188487__Y=112120   112120
25.10.21-15:41:58.415	X=195411   195391__Y=112120   112120
25.10.21-15:41:58.845	X=202333   202304__Y=112120   112120
25.10.21-15:41:58.896	X=202333   202335__Y=112120   112120
25.10.21-15:41:59.328	X=209255   209231__Y=112120   112120
25.10.21-15:41:59.380	X=209255   209255__Y=112120   112120
25.10.21-15:42:00.132	4	Message		Prepare your cells for isolation and then press continue.	OK																																																																																																																																																																																			
25.10.21-15:42:00.139	Comment: Prepare your cells for isolation and then press continue.
25.10.21-15:42:01.549	5	Function		Nozzle Setup	0																																																																																																																																																																																			
25.10.21-15:42:01.550	Manual Nozzle Setup ON
25.10.21-15:42:05.176	Z=21000   21000__1
25.10.21-15:42:05.185	AXIS STATUS:   181	 0	 6	37120354	003C

25.10.21-15:42:05.187	AXIS STATUS:   182	 0	 6	37120354	003C

25.10.21-15:42:05.764	X=40535   40608__Y=866   867
25.10.21-15:42:05.781	AXIS STATUS:   181	 0	 6	37120344	003C

25.10.21-15:42:05.783	AXIS STATUS:   182	 0	 6	37120254	003C

25.10.21-15:42:05.816	X=40535   40547__Y=866   866
25.10.21-15:42:06.428	Z=26095   26095__1
25.10.21-15:42:10.426	Manual Nozzle Setup OFF
25.10.21-15:42:10.429	5	Function	Begin Loop	Begin Loop	1																																																																																																																																																																																			
25.10.21-15:42:10.431	5	Function		AutoParticleDetection	30	C:\Images		0/0/500/0/0/1	1																																																																																																																																																																															
25.10.21-15:42:10.473	X=40535   40535__Y=866   866
25.10.21-15:42:10.551	Z=26095   26095__1
25.10.21-15:42:10.747	1	10/ 6	1	K7	1	1	1	1	5	4
25.10.21-15:42:10.869	Z=25900   25900__1
25.10.21-15:42:11.261	X=84086   84083__Y=91754   91729
25.10.21-15:42:11.318	X=84086   84099__Y=91754   91752
25.10.21-15:42:11.418	Z=26095   26095__1
25.10.21-15:42:11.450	5	Function	End Loop	End Loop	2																																																																																																																																																																																			
25.10.21-15:42:11.451	5	Function		AutoParticleDetection	30	C:\Images		0/0/500/0/0/1	1																																																																																																																																																																															
25.10.21-15:42:11.909	X=40535   40529__Y=866   876
25.10.21-15:42:13.815	1	10/ 6	1	K7	1	1	2	1	5	4
25.10.21-15:42:14.789	X=88586   88587__Y=91755   91732
25.10.21-15:42:14.852	X=88586   88587__Y=91755   91758
25.10.21-15:42:14.886	5	Function	End Loop	End Loop	2																																																																																																																																																																																			
25.10.21-15:42:14.888	5	Function		AutoParticleDetection	30	C:\Images		0/0/500/0/0/1	1																																																																																																																																																																															
25.10.21-15:42:15.347	X=40535   40528__Y=866   876
25.10.21-15:42:18.147	1	10/ 6	1	K7	1	1	3	1	5	4
25.10.21-15:42:19.120	X=93086   93083__Y=91756   91734
25.10.21-15:42:19.182	X=93086   93088__Y=91756   91759
25.10.21-15:42:19.216	5	Function	End Loop	End Loop	2																																																																																																																																																																																			
25.10.21-15:42:19.217	5	Function		AutoParticleDetection	30	C:\Images		0/0/500/0/0/1	1																																																																																																																																																																															
25.10.21-15:42:19.677	X=40535   40530__Y=866   876
25.10.21-15:42:20.128	1	10/ 6	1	K7	1	1	4	1	5	4
25.10.21-15:42:21.103	X=97586   97583__Y=91758   91736
25.10.21-15:42:21.165	X=97586   97585__Y=91758   91761
25.10.21-15:42:21.199	5	Function	End Loop	End Loop	2																																																																																																																																																																																			
25.10.21-15:42:21.201	5	Function		AutoParticleDetection	30	C:\Images		0/0/500/0/0/1	1																																																																																																																																																																															
25.10.21-15:42:21.660	X=40535   40530__Y=866   877
25.10.21-15:42:21.822	1	10/ 6	1	K7	1	1	5	1	5	4
25.10.21-15:42:22.796	X=102086   102085__Y=91759   91737
25.10.21-15:42:22.860	X=102086   102083__Y=91759   91762
25.10.21-15:42:22.892	5	Function	End Loop	End Loop	2																																																																																																																																																																																			
25.10.21-15:42:22.894	5	Function		AutoParticleDetection	30	C:\Images		0/0/500/0/0/1	1																																																																																																																																																																															
25.10.21-15:42:23.353	X=40535   40529__Y=866   879
25.10.21-15:42:23.804	1	10/ 6	1	K7	1	1	6	1	5	4
25.10.21-15:42:24.778	X=106586   106586__Y=91760   91738
25.10.21-15:42:24.837	X=106586   106586__Y=91760   91761
25.10.21-15:42:24.873	5	Function	End Loop	End Loop	2																																																																																																																																																																																			
25.10.21-15:42:24.874	5	Function		AutoParticleDetection	30	C:\Images		0/0/500/0/0/1	1																																																																																																																																																																															
25.10.21-15:42:25.335	X=40535   40531__Y=866   880
25.10.21-15:42:26.153	1	10/ 6	1	K7	1	1	7	1	5	4
25.10.21-15:42:27.128	X=111086   111086__Y=91761   91740
25.10.21-15:42:27.189	X=111086   111088__Y=91761   91763
25.10.21-15:42:27.224	5	Function	End Loop	End Loop	2																																																																																																																																																																																			
25.10.21-15:42:27.226	5	Function		AutoParticleDetection	30	C:\Images		0/0/500/0/0/1	1																																																																																																																																																																															
25.10.21-15:42:27.685	X=40535   40533__Y=866   880
25.10.21-15:42:29.574	Humidity=	35	  Temperature=	22	  Dew Point=	5.8	  Adj. Temp=	4.3	  Bath Temp=	4.3
25.10.21-15:42:30.482	1	10/ 6	1	K7	1	1	8	1	5	4
25.10.21-15:42:31.456	X=115586   115586__Y=91762   91741
25.10.21-15:42:31.516	X=115586   115588__Y=91762   91763
25.10.21-15:42:31.554	5	Function	End Loop	End Loop	2																																																																																																																																																																																			
25.10.21-15:42:31.556	5	Function		AutoParticleDetection	30	C:\Images		0/0/500/0/0/1	1																																																																																																																																																																															
25.10.21-15:42:32.014	X=40535   40531__Y=866   878
25.10.21-15:42:32.896	1	10/ 6	1	K7	1	1	9	1	5	4
25.10.21-15:42:33.869	X=120086   120083__Y=91763   91742
25.10.21-15:42:33.932	X=120086   120089__Y=91763   91765
25.10.21-15:42:33.967	5	Function	End Loop	End Loop	2																																																																																																																																																																																			
25.10.21-15:42:33.968	5	Function		AutoParticleDetection	30	C:\Images		0/0/500/0/0/1	1																																																																																																																																																																															
25.10.21-15:42:34.429	X=40535   40530__Y=866   878
25.10.21-15:42:35.102	1	10/ 6	1	K7	1	1	10	1	5	4
25.10.21-15:42:36.076	X=124586   124586__Y=91764   91741
25.10.21-15:42:36.136	X=124586   124585__Y=91764   91765
25.10.21-15:42:36.172	5	Function	End Loop	End Loop	2																																																																																																																																																																																			
25.10.21-15:42:36.172	5	Function		AutoParticleDetection	30	C:\Images		0/0/500/0/0/1	1																																																																																																																																																																															
25.10.21-15:42:36.663	X=40535   40532__Y=866   872
25.10.21-15:42:37.034	1	10/ 6	1	K7	1	1	11	1	5	4
25.10.21-15:42:38.071	X=129086   129083__Y=91765   91768
25.10.21-15:42:38.105	5	Function	End Loop	End Loop	2																																																																																																																																																																																			
25.10.21-15:42:38.107	5	Function		AutoParticleDetection	30	C:\Images		0/0/500/0/0/1	1																																																																																																																																																																															
25.10.21-15:42:38.564	X=40535   40545__Y=866   878
25.10.21-15:42:40.135	1	10/ 6	1	K7	1	1	12	1	5	4
25.10.21-15:42:41.176	X=133586   133576__Y=91766   91771
25.10.21-15:42:41.206	5	Function	End Loop	End Loop	2																																																																																																																																																																																			
25.10.21-15:42:41.207	5	Function		AutoParticleDetection	30	C:\Images		0/0/500/0/0/1	1																																																																																																																																																																															
25.10.21-15:42:41.670	X=40535   40557__Y=866   878
25.10.21-15:42:41.720	X=40535   40533__Y=866   864
25.10.21-15:42:42.245	1	10/ 6	1	K7	1	1	13	1	5	4
25.10.21-15:42:43.265	X=84085   84084__Y=96254   96232
25.10.21-15:42:43.328	X=84085   84085__Y=96254   96259
25.10.21-15:42:43.363	5	Function	End Loop	End Loop	2																																																																																																																																																																																			
25.10.21-15:42:43.365	5	Function		AutoParticleDetection	30	C:\Images		0/0/500/0/0/1	1																																																																																																																																																																															
25.10.21-15:42:43.835	X=40535   40527__Y=866   878
25.10.21-15:42:44.882	1	10/ 6	1	K7	1	1	14	1	5	4
25.10.21-15:42:45.902	X=88585   88586__Y=96255   96233
25.10.21-15:42:45.966	X=88585   88583__Y=96255   96260
25.10.21-15:42:46.000	5	Function	End Loop	End Loop	2																																																																																																																																																																																			
25.10.21-15:42:46.002	5	Function		AutoParticleDetection	30	C:\Images		0/0/500/0/0/1	1																																																																																																																																																																															
25.10.21-15:42:46.470	X=40535   40527__Y=866   877
25.10.21-15:42:46.830	1	10/ 6	1	K7	1	1	15	1	5	4
25.10.21-15:42:47.849	X=93085   93087__Y=96256   96235
25.10.21-15:42:47.913	X=93085   93085__Y=96256   96261
25.10.21-15:42:47.950	5	Function	End Loop	End Loop	2																																																																																																																																																																																			
25.10.21-15:42:47.952	5	Function		AutoParticleDetection	30	C:\Images		0/0/500/0/0/1	1																																																																																																																																																																															
25.10.21-15:42:48.421	X=40535   40528__Y=866   876
25.10.21-15:42:48.589	1	10/ 6	1	K7	1	1	16	1	5	4
25.10.21-15:42:49.607	X=97585   97583__Y=96258   96236
25.10.21-15:42:49.672	X=97585   97588__Y=96258   96262
25.10.21-15:42:49.708	5	Function	End Loop	End Loop	2																																																																																																																																																																																			
25.10.21-15:42:49.708	5	Function		AutoParticleDetection	30	C:\Images		0/0/500/0/0/1	1																																																																																																																																																																															
25.10.21-15:42:50.178	X=40535   40529__Y=866   875
25.10.21-15:42:50.843	1	10/ 6	1	K7	1	1	17	1	5	4
25.10.21-15:42:51.859	X=102085   102083__Y=96259   96238
25.10.21-15:42:51.924	X=102085   102084__Y=96259   96262
25.10.21-15:42:51.961	5	Function	End Loop	End Loop	2																																																																																																																																																																																			
25.10.21-15:42:51.962	5	Function		AutoParticleDetection	30	C:\Images		0/0/500/0/0/1	1																																																																																																																																																																															
25.10.21-15:42:52.431	X=40535   40531__Y=866   876
25.10.21-15:42:54.949	1	10/ 6	1	K7	1	1	18	1	5	4
25.10.21-15:42:55.967	X=106585   106585__Y=96260   96240
25.10.21-15:42:56.004	5	Function	End Loop	End Loop	2																																																																																																																																																																																			
25.10.21-15:42:56.005	5	Function		AutoParticleDetection	30	C:\Images		0/0/500/0/0/1	1																																																																																																																																																																															
25.10.21-15:42:56.475	X=40535   40532__Y=866   878
25.10.21-15:42:56.915	1	10/ 6	1	K7	1	1	19	1	5	4
25.10.21-15:42:57.933	X=111085   111085__Y=96261   96241
25.10.21-15:42:57.969	5	Function	End Loop	End Loop	2																																																																																																																																																																																			
25.10.21-15:42:57.970	5	Function		AutoParticleDetection	30	C:\Images		0/0/500/0/0/1	1																																																																																																																																																																															
25.10.21-15:42:58.440	X=40535   40532__Y=866   878
25.10.21-15:42:58.881	1	10/ 6	1	K7	1	1	20	1	5	4
25.10.21-15:42:59.902	X=115585   115586__Y=96262   96244
25.10.21-15:42:59.935	5	Function	End Loop	End Loop	2																																																																																																																																																																																			
25.10.21-15:42:59.936	5	Function		AutoParticleDetection	30	C:\Images		0/0/500/0/0/1	1																																																																																																																																																																															
25.10.21-15:43:00.405	X=40535   40533__Y=866   879
25.10.21-15:43:03.642	1	10/ 6	1	K7	1	1	21	1	5	4
25.10.21-15:43:04.659	X=120085   120087__Y=96263   96243
25.10.21-15:43:04.697	5	Function	End Loop	End Loop	2																																																																																																																																																																																			
25.10.21-15:43:04.698	5	Function		AutoParticleDetection	30	C:\Images		0/0/500/0/0/1	1																																																																																																																																																																															
25.10.21-15:43:05.170	X=40535   40532__Y=866   880
25.10.21-15:43:05.415	1	10/ 6	1	K7	1	1	22	1	5	4
25.10.21-15:43:06.433	X=124585   124583__Y=96264   96244
25.10.21-15:43:06.472	5	Function	End Loop	End Loop	2																																																																																																																																																																																			
25.10.21-15:43:06.473	5	Function		AutoParticleDetection	30	C:\Images		0/0/500/0/0/1	1																																																																																																																																																																															
25.10.21-15:43:06.943	X=40535   40530__Y=866   879
25.10.21-15:43:07.333	1	10/ 6	1	K7	1	1	23	1	5	4
25.10.21-15:43:08.353	X=129085   129085__Y=96265   96244
25.10.21-15:43:08.414	X=129085   129084__Y=96265   96267
25.10.21-15:43:08.452	5	Function	End Loop	End Loop	2																																																																																																																																																																																			
25.10.21-15:43:08.453	5	Function		AutoParticleDetection	30	C:\Images		0/0/500/0/0/1	1																																																																																																																																																																															
25.10.21-15:43:08.959	X=40535   40534__Y=866   871
25.10.21-15:43:09.204	1	10/ 6	1	K7	1	1	24	1	5	4
25.10.21-15:43:10.228	X=133585   133579__Y=96266   96247
25.10.21-15:43:10.259	5	Function	End Loop	End Loop	2																																																																																																																																																																																			
25.10.21-15:43:10.261	5	Function		AutoParticleDetection	30	C:\Images		0/0/500/0/0/1	1																																																																																																																																																																															
25.10.21-15:43:10.730	X=40535   40546__Y=866   879
25.10.21-15:43:12.095	1	10/ 6	1	K7	1	1	25	1	5	4
25.10.21-15:43:13.159	X=84084   84084__Y=100754   100732
25.10.21-15:43:13.222	X=84084   84085__Y=100754   100757
25.10.21-15:43:13.247	5	Function	End Loop	End Loop	2																																																																																																																																																																																			
25.10.21-15:43:13.249	5	Function		AutoParticleDetection	30	C:\Images		0/0/500/0/0/1	1																																																																																																																																																																															
25.10.21-15:43:13.732	X=40535   40527__Y=866   877
25.10.21-15:43:15.053	1	10/ 6	1	K7	1	1	26	1	5	4
25.10.21-15:43:16.116	X=88584   88583__Y=100755   100733
25.10.21-15:43:16.179	X=88584   88584__Y=100755   100758
25.10.21-15:43:16.203	5	Function	End Loop	End Loop	2																																																																																																																																																																																			
25.10.21-15:43:16.205	5	Function		AutoParticleDetection	30	C:\Images		0/0/500/0/0/1	1																																																																																																																																																																															
25.10.21-15:43:16.685	X=40535   40528__Y=866   878
25.10.21-15:43:16.779	1	10/ 6	1	K7	1	1	27	1	5	4
25.10.21-15:43:17.843	X=93084   93086__Y=100756   100735
25.10.21-15:43:17.906	X=93084   93082__Y=100756   100759
25.10.21-15:43:17.930	5	Function	End Loop	End Loop	2																																																																																																																																																																																			
25.10.21-15:43:17.932	5	Function		AutoParticleDetection	30	C:\Images		0/0/500/0/0/1	1																																																																																																																																																																															
25.10.21-15:43:18.414	X=40535   40528__Y=866   877
25.10.21-15:43:18.777	1	10/ 6	1	K7	1	1	28	1	5	4
25.10.21-15:43:19.840	X=97584   97587__Y=100758   100737
25.10.21-15:43:19.904	X=97584   97585__Y=100758   100761
25.10.21-15:43:19.943	5	Function	End Loop	End Loop	2																																																																																																																																																																																			
25.10.21-15:43:19.944	5	Function		AutoParticleDetection	30	C:\Images		0/0/500/0/0/1	1																																																																																																																																																																															
25.10.21-15:43:20.425	X=40535   40528__Y=866   877
25.10.21-15:43:21.749	1	10/ 6	1	K7	1	1	29	1	5	4
25.10.21-15:43:22.812	X=102084   102083__Y=100759   100738
25.10.21-15:43:22.877	X=102084   102086__Y=100759   100762
25.10.21-15:43:22.915	5	Function	End Loop	End Loop	2																																																																																																																																																																																			
25.10.21-15:43:22.917	5	Function		AutoParticleDetection	30	C:\Images		0/0/500/0/0/1	1																																																																																																																																																																															
25.10.21-15:43:23.398	X=40535   40530__Y=866   875
25.10.21-15:43:24.354	1	10/ 6	1	K7	1	1	30	1	5	4
25.10.21-15:43:25.416	X=106584   106583__Y=100760   100740
25.10.21-15:43:25.441	5	Function	End Loop	End Loop	2																																																																																																																																																																																			
25.10.21-15:43:25.441	5	Function		AutoParticleDetection	30	C:\Images		0/0/500/0/0/1	1																																																																																																																																																																															
25.10.21-15:43:25.924	X=40535   40530__Y=866   875
25.10.21-15:43:26.959	1	10/ 6	1	K7	1	1	31	1	5	4
25.10.21-15:43:28.023	X=111084   111085__Y=100761   100742
25.10.21-15:43:28.061	5	Function	End Loop	End Loop	2																																																																																																																																																																																			
25.10.21-15:43:28.061	5	Function		AutoParticleDetection	30	C:\Images		0/0/500/0/0/1	1																																																																																																																																																																															
25.10.21-15:43:28.545	X=40535   40529__Y=866   873
25.10.21-15:43:29.004	1	10/ 6	1	K7	1	1	32	1	5	4
25.10.21-15:43:30.067	X=115584   115586__Y=100762   100743
25.10.21-15:43:30.090	5	Function	End Loop	End Loop	2																																																																																																																																																																																			
25.10.21-15:43:30.092	5	Function		AutoParticleDetection	30	C:\Images		0/0/500/0/0/1	1																																																																																																																																																																															
25.10.21-15:43:30.551	Humidity=	35	  Temperature=	22	  Dew Point=	5.8	  Adj. Temp=	4.3	  Bath Temp=	4.3
25.10.21-15:43:30.573	X=40535   40532__Y=866   876
25.10.21-15:43:31.849	1	10/ 6	1	K7	1	1	33	1	5	4
25.10.21-15:43:32.912	X=120084   120086__Y=100763   100745
25.10.21-15:43:32.950	5	Function	End Loop	End Loop	2																																																																																																																																																																																			
25.10.21-15:43:32.951	5	Function		AutoParticleDetection	30	C:\Images		0/0/500/0/0/1	1																																																																																																																																																																															
25.10.21-15:43:33.434	X=40535   40534__Y=866   874
25.10.21-15:43:34.183	1	10/ 6	1	K7	1	1	34	1	5	4
25.10.21-15:43:35.249	X=124584   124587__Y=100764   100745
25.10.21-15:43:35.285	5	Function	End Loop	End Loop	2																																																																																																																																																																																			
25.10.21-15:43:35.286	5	Function		AutoParticleDetection	30	C:\Images		0/0/500/0/0/1	1																																																																																																																																																																															
25.10.21-15:43:35.768	X=40535   40531__Y=866   876
25.10.21-15:43:36.882	1	10/ 6	1	K7	1	1	35	1	5	4
25.10.21-15:43:37.945	X=129084   129082__Y=100765   100746
25.10.21-15:43:37.969	5	Function	End Loop	End Loop	2																																																																																																																																																																																			
25.10.21-15:43:37.971	5	Function		AutoParticleDetection	30	C:\Images		0/0/500/0/0/1	1																																																																																																																																																																															
25.10.21-15:43:38.450	X=40535   40532__Y=866   877
25.10.21-15:43:39.104	1	10/ 6	1	K7	1	1	36	1	5	4
25.10.21-15:43:40.167	X=133584   133584__Y=100766   100745
25.10.21-15:43:40.229	X=133584   133582__Y=100766   100766
25.10.21-15:43:40.254	5	Function	End Loop	End Loop	2																																																																																																																																																																																			
25.10.21-15:43:40.255	5	Function		AutoParticleDetection	30	C:\Images		0/0/500/0/0/1	1																																																																																																																																																																															
25.10.21-15:43:40.746	X=40535   40532__Y=866   874
25.10.21-15:43:41.709	1	10/ 6	1	K7	1	1	37	1	5	4
25.10.21-15:43:42.817	X=84083   84083__Y=105254   105235
25.10.21-15:43:42.842	5	Function	End Loop	End Loop	2																																																																																																																																																																																			
25.10.21-15:43:42.843	5	Function		AutoParticleDetection	30	C:\Images		0/0/500/0/0/1	1																																																																																																																																																																															
25.10.21-15:43:43.335	X=40535   40527__Y=866   875
25.10.21-15:43:43.722	1	10/ 6	1	K7	1	1	38	1	5	4
25.10.21-15:43:44.830	X=88583   88583__Y=105255   105235
25.10.21-15:43:44.857	5	Function	End Loop	End Loop	2																																																																																																																																																																																			
25.10.21-15:43:44.858	5	Function		AutoParticleDetection	30	C:\Images		0/0/500/0/0/1	1																																																																																																																																																																															
25.10.21-15:43:45.350	X=40535   40528__Y=866   875
25.10.21-15:43:46.520	1	10/ 6	1	K7	1	1	39	1	5	4
25.10.21-15:43:47.628	X=93083   93083__Y=105256   105237
25.10.21-15:43:47.654	5	Function	End Loop	End Loop	2																																																																																																																																																																																			
25.10.21-15:43:47.655	5	Function		AutoParticleDetection	30	C:\Images		0/0/500/0/0/1	1																																																																																																																																																																															
25.10.21-15:43:48.148	X=40535   40528__Y=866   875
25.10.21-15:43:48.675	1	10/ 6	1	K7	1	1	40	1	5	4
25.10.21-15:43:49.785	X=97583   97585__Y=105258   105239
25.10.21-15:43:49.810	5	Function	End Loop	End Loop	2																																																																																																																																																																																			
25.10.21-15:43:49.811	5	Function		AutoParticleDetection	30	C:\Images		0/0/500/0/0/1	1																																																																																																																																																																															
25.10.21-15:43:50.306	X=40535   40529__Y=866   876
25.10.21-15:43:50.705	1	10/ 6	1	K7	1	1	41	1	5	4
25.10.21-15:43:51.814	X=102083   102085__Y=105259   105241
25.10.21-15:43:51.840	5	Function	End Loop	End Loop	2																																																																																																																																																																																			
25.10.21-15:43:51.841	5	Function		AutoParticleDetection	30	C:\Images		0/0/500/0/0/1	1																																																																																																																																																																															
25.10.21-15:43:52.334	X=40535   40530__Y=866   877
25.10.21-15:43:52.846	1	10/ 6	1	K7	1	1	42	1	5	4
25.10.21-15:43:53.954	X=106583   106581__Y=105260   105241
25.10.21-15:43:53.981	5	Function	End Loop	End Loop	2																																																																																																																																																																																			
25.10.21-15:43:53.982	5	Function		AutoParticleDetection	30	C:\Images		0/0/500/0/0/1	1																																																																																																																																																																															
25.10.21-15:43:54.475	X=40535   40531__Y=866   876
25.10.21-15:43:54.923	1	10/ 6	1	K7	1	1	43	1	5	4
25.10.21-15:43:56.032	X=111083   111081__Y=105261   105243
25.10.21-15:43:56.059	5	Function	End Loop	End Loop	2																																																																																																																																																																																			
25.10.21-15:43:56.060	5	Function		AutoParticleDetection	30	C:\Images		0/0/500/0/0/1	1																																																																																																																																																																															
25.10.21-15:43:56.552	X=40535   40529__Y=866   873
25.10.21-15:43:57.657	1	10/ 6	1	K7	1	1	44	1	5	4
25.10.21-15:43:58.767	X=115583   115583__Y=105262   105246
25.10.21-15:43:58.791	5	Function	End Loop	End Loop	2																																																																																																																																																																																			
25.10.21-15:43:58.792	5	Function		AutoParticleDetection	30	C:\Images		0/0/500/0/0/1	1																																																																																																																																																																															
25.10.21-15:43:59.286	X=40535   40528__Y=866   873
25.10.21-15:43:59.447	1	10/ 6	1	K7	1	1	45	1	5	4
25.10.21-15:44:00.557	X=120083   120085__Y=105263   105246
25.10.21-15:44:00.581	5	Function	End Loop	End Loop	2																																																																																																																																																																																			
25.10.21-15:44:00.583	5	Function		AutoParticleDetection	30	C:\Images		0/0/500/0/0/1	1																																																																																																																																																																															
25.10.21-15:44:01.075	X=40535   40531__Y=866   873
25.10.21-15:44:01.317	1	10/ 6	1	K7	1	1	46	1	5	4
25.10.21-15:44:02.427	X=124583   124584__Y=105264   105247
25.10.21-15:44:02.451	5	Function	End Loop	End Loop	2																																																																																																																																																																																			
25.10.21-15:44:02.453	5	Function		AutoParticleDetection	30	C:\Images		0/0/500/0/0/1	1																																																																																																																																																																															
25.10.21-15:44:02.944	X=40535   40533__Y=866   873
25.10.21-15:44:04.415	1	10/ 6	1	K7	1	1	47	1	5	4
25.10.21-15:44:05.525	X=129083   129084__Y=105265   105247
25.10.21-15:44:05.551	5	Function	End Loop	End Loop	2																																																																																																																																																																																			
25.10.21-15:44:05.552	5	Function		AutoParticleDetection	30	C:\Images		0/0/500/0/0/1	1																																																																																																																																																																															
25.10.21-15:44:06.045	X=40535   40531__Y=866   874
25.10.21-15:44:07.692	1	10/ 6	1	K7	1	1	48	1	5	4
25.10.21-15:44:08.801	X=133583   133580__Y=105266   105248
25.10.21-15:44:08.827	5	Function	End Loop	End Loop	2																																																																																																																																																																																			
25.10.21-15:44:08.829	5	Function		Scan Spot Area	10	C:\	0	0;0	0																																																																																																																																																																															
25.10.21-15:44:10.063	Z=8400   8400__1
25.10.21-15:44:10.287	X=146954   146946__Y=95518   95510
25.10.21-15:44:10.720	X=153877   153855__Y=95518   95518
25.10.21-15:44:10.771	X=153877   153873__Y=95518   95518
25.10.21-15:44:11.203	X=160799   160777__Y=95518   95518
25.10.21-15:44:11.255	X=160799   160794__Y=95518   95518
25.10.21-15:44:11.689	X=167721   167701__Y=95518   95518
25.10.21-15:44:12.122	X=174644   174623__Y=95518   95518
25.10.21-15:44:12.175	X=174644   174646__Y=95518   95518
25.10.21-15:44:12.607	X=181566   181542__Y=95518   95518
25.10.21-15:44:12.659	X=181566   181564__Y=95518   95518
25.10.21-15:44:13.091	X=188488   188465__Y=95518   95518
25.10.21-15:44:13.142	X=188488   188485__Y=95518   95518
25.10.21-15:44:13.577	X=195411   195395__Y=95518   95518
25.10.21-15:44:14.012	X=202333   202313__Y=95518   95518
25.10.21-15:44:14.444	X=209255   209233__Y=95518   95518
25.10.21-15:44:14.495	X=209255   209257__Y=95518   95518
25.10.21-15:44:15.093	X=146954   147022__Y=101052   101053
25.10.21-15:44:15.145	X=146954   146968__Y=101052   101052
25.10.21-15:44:15.579	X=153877   153850__Y=101052   101052
25.10.21-15:44:15.633	X=153877   153878__Y=101052   101052
25.10.21-15:44:16.064	X=160799   160776__Y=101052   101052
25.10.21-15:44:16.115	X=160799   160797__Y=101052   101052
25.10.21-15:44:16.546	X=167721   167696__Y=101052   101052
25.10.21-15:44:16.600	X=167721   167718__Y=101052   101052
25.10.21-15:44:17.033	X=174644   174625__Y=101052   101052
25.10.21-15:44:17.465	X=181566   181539__Y=101052   101052
25.10.21-15:44:17.516	X=181566   181568__Y=101052   101052
25.10.21-15:44:17.949	X=188488   188469__Y=101052   101052
25.10.21-15:44:18.380	X=195411   195385__Y=101052   101052
25.10.21-15:44:18.433	X=195411   195413__Y=101052   101052
25.10.21-15:44:18.866	X=202333   202310__Y=101052   101052
25.10.21-15:44:18.917	X=202333   202332__Y=101052   101052
25.10.21-15:44:19.351	X=209255   209239__Y=101052   101052
25.10.21-15:44:19.952	X=146954   147019__Y=106586   106587
25.10.21-15:44:20.031	X=146954   146960__Y=106586   106586
25.10.21-15:44:20.465	X=153877   153862__Y=106586   106586
25.10.21-15:44:20.895	X=160799   160774__Y=106586   106586
25.10.21-15:44:20.949	X=160799   160800__Y=106586   106586
25.10.21-15:44:21.380	X=167721   167693__Y=106586   106586
25.10.21-15:44:21.434	X=167721   167718__Y=106586   106586
25.10.21-15:44:21.868	X=174644   174627__Y=106586   106586
25.10.21-15:44:22.298	X=181566   181541__Y=106586   106586
25.10.21-15:44:22.348	X=181566   181568__Y=106586   106586
25.10.21-15:44:22.782	X=188488   188471__Y=106586   106586
25.10.21-15:44:23.212	X=195411   195387__Y=106586   106586
25.10.21-15:44:23.263	X=195411   195413__Y=106586   106586
25.10.21-15:44:23.696	X=202333   202312__Y=106586   106586
25.10.21-15:44:23.748	X=202333   202332__Y=106586   106586
25.10.21-15:44:24.181	X=209255   209235__Y=106586   106586
25.10.21-15:44:24.779	X=146954   147022__Y=112120   112121
25.10.21-15:44:24.831	X=146954   146967__Y=112120   112120
25.10.21-15:44:25.263	X=153877   153848__Y=112120   112120
25.10.21-15:44:25.315	X=153877   153877__Y=112120   112120
25.10.21-15:44:25.748	X=160799   160780__Y=112120   112120
25.10.21-15:44:26.179	X=167721   167693__Y=112120   112120
25.10.21-15:44:26.229	X=167721   167722__Y=112120   112120
25.10.21-15:44:26.661	X=174644   174622__Y=112120   112120
25.10.21-15:44:26.713	X=174644   174642__Y=112120   112120
25.10.21-15:44:27.147	X=181566   181551__Y=112120   112120
25.10.21-15:44:27.578	X=188488   188462__Y=112120   112120
25.10.21-15:44:27.629	X=188488   188490__Y=112120   112120
25.10.21-15:44:28.061	X=195411   195393__Y=112120   112120
25.10.21-15:44:28.492	X=202333   202311__Y=112120   112120
25.10.21-15:44:28.542	X=202333   202335__Y=112120   112120
25.10.21-15:44:28.977	X=209255   209236__Y=112120   112120
25.10.21-15:44:29.732	0	Drives		2	Home	0	0	0	25000	20000	15000																																																																																																																																																																													
25.10.21-15:44:30.544	Z=0   0__1
25.10.21-15:44:30.564	Humidity=	35	  Temperature=	22	  Dew Point=	5.8	  Adj. Temp=	4.3	  Bath Temp=	4.3
25.10.21-15:44:31.160	X=0   68__Y=0   0
25.10.21-15:44:31.211	X=0   9__Y=0   0
25.10.21-15:44:31.211	
	Total detected particles:	191	
	Total volume dispensed (nl):	208.74	
	Concentration estimated (1/µl):	915.03	

Run has finished: 3:44 PM - 10/25/2021


§11-16-42-63-56-34-20-68-53-27-46-26-34-48-70-49-68-46-44-15-33-29-64-72-32-39-27-60-42-34-18-68-23-15-25-42-34-61-36-14-41-15-67-63-60
