11.05.23-16:04:47.424	cellenONE - nanoPOTS	Start Time: 4:04 PM - 5/11/2023
cellenONE - nanoPOTS	081803
X1.v1.90	3:12 PM - 11/26/2019

Run ID: 051123_pancislets_chip3_20230511_160445_392

Humidity: RH 33% /+3 /-3

Start Time: 4:04 PM - 5/11/2023
Pulse parameters:
Current Nozzle: 0Voltage (V): 100.0
Pulse length (µs): 48
Frequency (Hz): 500
LED Delay (µs): 200
LDE Pulse (µs): 3


cellenONE parameters:
Ejection zone bondary: 250	Sedimentation zone bondary: 225
Detection parameters:	Wait (ms) 10Min Diameter (µm) 20	Max Diameter (µm) 75	Circularity 3.000000 Max	Elongation 3.800000 Max	Remove Halo NO
Printing parameters:
	Min Diameter (µm) 22	Max Diameter (µm) 45	Lower Grey Threshold 20	Upper Grey Threshold 255	Circularity 1.800000 Max	Elongation 2.000000 Max
Plate	Plate Pos	Nozzle	Well	Target	Level	Field	Drops	X Pos	Y Pos

Probe: cellenWASH
Target: NanoPOTS_4x12_1pt2mm_4pt5mm: 1

Pattern File (last loaded or saved): 

Nozzle(s): 1
Field(s):
X = 12
Y = 4
Start Point
Left: 1400
Up: 1150
X Field Gap:4500/4500/4500/4500/4500/4500/4500/4500/4500/4500/4500/4500/
Y Field Gap:4500/4500/4500/4500/
Pattern Size: 
X = 10
Y = 10
Dot Pitch: 
X = 1
Y = 1
Field 1
[0, 0, 0]
									
									
									
									
				1A1					
									
									
									
									
									


Field 2
[0, 0, 0]
									
									
									
									
				1A1					
									
									
									
									
									


Field 3
[0, 0, 0]
									
									
									
									
				1A1					
									
									
									
									
									


Field 4
[0, 0, 0]
									
									
									
									
				1A1					
									
									
									
									
									


Field 5
[0, 0, 0]
									
									
									
									
				1A1					
									
									
									
									
									


Field 6
[0, 0, 0]
									
									
									
									
				1A1					
									
									
									
									
									


Field 7
[0, 0, 0]
									
									
									
									
				1A1					
									
									
									
									
									


Field 8
[0, 0, 0]
									
									
									
									
				1A1					
									
									
									
									
									


Field 9
[0, 0, 0]
									
									
									
									
				1A1					
									
									
									
									
									


Field 10
[0, 0, 0]
									
									
									
									
				1A1					
									
									
									
									
									


Field 11
[0, 0, 0]
									
									
									
									
				1A1					
									
									
									
									
									


Field 12
[0, 0, 0]
									
									
									
									
				1A1					
									
									
									
									
									


Field 13
[0, 0, 0]
									
									
									
									
				1A1					
									
									
									
									
									


Field 14
[0, 0, 0]
									
									
									
									
				1A1					
									
									
									
									
									


Field 15
[0, 0, 0]
									
									
									
									
				1A1					
									
									
									
									
									


Field 16
[0, 0, 0]
									
									
									
									
				1A1					
									
									
									
									
									


Field 17
[0, 0, 0]
									
									
									
									
				1A1					
									
									
									
									
									


Field 18
[0, 0, 0]
									
									
									
									
				1A1					
									
									
									
									
									


Field 19
[0, 0, 0]
									
									
									
									
				1A1					
									
									
									
									
									


Field 20
[0, 0, 0]
									
									
									
									
				1A1					
									
									
									
									
									


Field 21
[0, 0, 0]
									
									
									
									
				1A1					
									
									
									
									
									


Field 22
[0, 0, 0]
									
									
									
									
				1A1					
									
									
									
									
									


Field 23
[0, 0, 0]
									
									
									
									
				1A1					
									
									
									
									
									


Field 24
[0, 0, 0]
									
									
									
									
				1A1					
									
									
									
									
									


Field 25
[0, 0, 0]
									
									
									
									
				1A1					
									
									
									
									
									


Field 26
[0, 0, 0]
									
									
									
									
				1A1					
									
									
									
									
									


Field 27
[0, 0, 0]
									
									
									
									
				1A1					
									
									
									
									
									


Field 28
[0, 0, 0]
									
									
									
									
				1A1					
									
									
									
									
									


Field 29
[0, 0, 0]
									
									
									
									
				1A1					
									
									
									
									
									


Field 30
[0, 0, 0]
									
									
									
									
				1A1					
									
									
									
									
									


Field 31
[0, 0, 0]
									
									
									
									
				1A1					
									
									
									
									
									


Field 32
[0, 0, 0]
									
									
									
									
				1A1					
									
									
									
									
									


Field 33
[0, 0, 0]
									
									
									
									
				1A1					
									
									
									
									
									


Field 34
[0, 0, 0]
									
									
									
									
				1A1					
									
									
									
									
									


Field 35
[0, 0, 0]
									
									
									
									
				1A1					
									
									
									
									
									


Field 36
[0, 0, 0]
									
									
									
									
				1A1					
									
									
									
									
									


Field 37
[0, 0, 0]
									
									
									
									
				1A1					
									
									
									
									
									


Field 38
[0, 0, 0]
									
									
									
									
				1A1					
									
									
									
									
									


Field 39
[0, 0, 0]
									
									
									
									
				1A1					
									
									
									
									
									


Field 40
[0, 0, 0]
									
									
									
									
				1A1					
									
									
									
									
									


Field 41
[0, 0, 0]
									
									
									
									
				1A1					
									
									
									
									
									


Field 42
[0, 0, 0]
									
									
									
									
				1A1					
									
									
									
									
									


Field 43
[0, 0, 0]
									
									
									
									
				1A1					
									
									
									
									
									


Field 44
[0, 0, 0]
									
									
									
									
				1A1					
									
									
									
									
									


Field 45
[0, 0, 0]
									
									
									
									
				1A1					
									
									
									
									
									


Field 46
[0, 0, 0]
									
									
									
									
				1A1					
									
									
									
									
									


Field 47
[0, 0, 0]
									
									
									
									
				1A1					
									
									
									
									
									


Field 48
[0, 0, 0]
									
									
									
									
				1A1					
									
									
									
									
									


Drops/Field 1
[0, 0, 0]
									
									
									
									
				1					
									
									
									
									
									


Drops/Field 2
[0, 0, 0]
									
									
									
									
				1					
									
									
									
									
									


Drops/Field 3
[0, 0, 0]
									
									
									
									
				1					
									
									
									
									
									


Drops/Field 4
[0, 0, 0]
									
									
									
									
				1					
									
									
									
									
									


Drops/Field 5
[0, 0, 0]
									
									
									
									
				1					
									
									
									
									
									


Drops/Field 6
[0, 0, 0]
									
									
									
									
				1					
									
									
									
									
									


Drops/Field 7
[0, 0, 0]
									
									
									
									
				1					
									
									
									
									
									


Drops/Field 8
[0, 0, 0]
									
									
									
									
				1					
									
									
									
									
									


Drops/Field 9
[0, 0, 0]
									
									
									
									
				1					
									
									
									
									
									


Drops/Field 10
[0, 0, 0]
									
									
									
									
				1					
									
									
									
									
									


Drops/Field 11
[0, 0, 0]
									
									
									
									
				1					
									
									
									
									
									


Drops/Field 12
[0, 0, 0]
									
									
									
									
				1					
									
									
									
									
									


Drops/Field 13
[0, 0, 0]
									
									
									
									
				1					
									
									
									
									
									


Drops/Field 14
[0, 0, 0]
									
									
									
									
				1					
									
									
									
									
									


Drops/Field 15
[0, 0, 0]
									
									
									
									
				1					
									
									
									
									
									


Drops/Field 16
[0, 0, 0]
									
									
									
									
				1					
									
									
									
									
									


Drops/Field 17
[0, 0, 0]
									
									
									
									
				1					
									
									
									
									
									


Drops/Field 18
[0, 0, 0]
									
									
									
									
				1					
									
									
									
									
									


Drops/Field 19
[0, 0, 0]
									
									
									
									
				1					
									
									
									
									
									


Drops/Field 20
[0, 0, 0]
									
									
									
									
				1					
									
									
									
									
									


Drops/Field 21
[0, 0, 0]
									
									
									
									
				1					
									
									
									
									
									


Drops/Field 22
[0, 0, 0]
									
									
									
									
				1					
									
									
									
									
									


Drops/Field 23
[0, 0, 0]
									
									
									
									
				1					
									
									
									
									
									


Drops/Field 24
[0, 0, 0]
									
									
									
									
				1					
									
									
									
									
									


Drops/Field 25
[0, 0, 0]
									
									
									
									
				1					
									
									
									
									
									


Drops/Field 26
[0, 0, 0]
									
									
									
									
				1					
									
									
									
									
									


Drops/Field 27
[0, 0, 0]
									
									
									
									
				1					
									
									
									
									
									


Drops/Field 28
[0, 0, 0]
									
									
									
									
				1					
									
									
									
									
									


Drops/Field 29
[0, 0, 0]
									
									
									
									
				1					
									
									
									
									
									


Drops/Field 30
[0, 0, 0]
									
									
									
									
				1					
									
									
									
									
									


Drops/Field 31
[0, 0, 0]
									
									
									
									
				1					
									
									
									
									
									


Drops/Field 32
[0, 0, 0]
									
									
									
									
				1					
									
									
									
									
									


Drops/Field 33
[0, 0, 0]
									
									
									
									
				1					
									
									
									
									
									


Drops/Field 34
[0, 0, 0]
									
									
									
									
				1					
									
									
									
									
									


Drops/Field 35
[0, 0, 0]
									
									
									
									
				1					
									
									
									
									
									


Drops/Field 36
[0, 0, 0]
									
									
									
									
				1					
									
									
									
									
									


Drops/Field 37
[0, 0, 0]
									
									
									
									
				1					
									
									
									
									
									


Drops/Field 38
[0, 0, 0]
									
									
									
									
				1					
									
									
									
									
									


Drops/Field 39
[0, 0, 0]
									
									
									
									
				1					
									
									
									
									
									


Drops/Field 40
[0, 0, 0]
									
									
									
									
				1					
									
									
									
									
									


Drops/Field 41
[0, 0, 0]
									
									
									
									
				1					
									
									
									
									
									


Drops/Field 42
[0, 0, 0]
									
									
									
									
				1					
									
									
									
									
									


Drops/Field 43
[0, 0, 0]
									
									
									
									
				1					
									
									
									
									
									


Drops/Field 44
[0, 0, 0]
									
									
									
									
				1					
									
									
									
									
									


Drops/Field 45
[0, 0, 0]
									
									
									
									
				1					
									
									
									
									
									


Drops/Field 46
[0, 0, 0]
									
									
									
									
				1					
									
									
									
									
									


Drops/Field 47
[0, 0, 0]
									
									
									
									
				1					
									
									
									
									
									


Drops/Field 48
[0, 0, 0]
									
									
									
									
				1					
									
									
									
									
									



Run Name: CellenONE_spot_nanoPOTS_4x12_4pt5mm
Task Names: HeadCameraLight_ON/NanoPOTS_4x12_FTRP_1pt5mm_4pt5mm/Scan_whole_area/Cell_Prepartion_message/BeginLoop/AutoCellDetection/SpotProbeRun/EndLoop/Scan_whole_area/MoveHome
Tasks:
HeadCameraLight_ON=
1	I/O	switch ON	2	DOutput2	Head Cam Light	ON	0																																																																																																																																																																																
NanoPOTS_4x12_FTRP_1pt5mm_4pt5mm=
5	Function		Find Target Reference Points	21	10/0/650.00/0/2/0/500.00/2/2/0/0/7600;-1150	C:\Users\Scienion AG\cellenONE - nanoPOTS\Template\nanoPOTS_Test1.bmp	1/67500/0/0/1/0/0/1/0/1200	C:\																																																																																																																																																																															
Scan_whole_area=
5	Function		Scan Spot Area	10	C:\	0	0;0	0																																																																																																																																																																															
Cell_Prepartion_message=
4	Message		Prepare your cells for isolation and then press continue.	OK																																																																																																																																																																																			
5	Function		Nozzle Setup	0																																																																																																																																																																																			
BeginLoop=
5	Function	Begin Loop	Begin Loop	1																																																																																																																																																																																			
AutoCellDetection=
5	Function		AutoParticleDetection	30	C:\Images		0/0/500/0/0/1	1																																																																																																																																																																															
SpotProbeRun=
0	Drives		1	Target	163581	106000	23407	25000	25000	15000																																																																																																																																																																													
2	Piezo		S_N	Run	0																																																																																																																																																																																		
EndLoop=
5	Function	End Loop	End Loop	2																																																																																																																																																																																			
Scan_whole_area=
5	Function		Scan Spot Area	10	C:\	0	0;0	0																																																																																																																																																																															
MoveHome=
0	Drives		2	Home	0	0	0	25000	20000	15000																																																																																																																																																																													

11.05.23-16:04:47.579	1	I/O	switch ON	2	DOutput2	Head Cam Light	ON	0																																																																																																																																																																																
11.05.23-16:04:47.581	5	Function		Find Target Reference Points	21	10/0/650.00/0/2/0/500.00/2/2/0/0/7600;-1150	C:\Users\Scienion AG\cellenONE - nanoPOTS\Template\nanoPOTS_Test1.bmp	1/67500/0/0/1/0/0/1/0/1200	C:\																																																																																																																																																																															
11.05.23-16:04:48.423	Z=8800   8800__1
11.05.23-16:04:49.027	X=203244   203177__Y=94057   94058
11.05.23-16:04:49.077	X=203244   203235__Y=94057   94055
11.05.23-16:04:49.154	Z=8800   8800__1
11.05.23-16:04:49.766	X=135744   135816__Y=94057   94058
11.05.23-16:04:49.848	X=135744   135746__Y=94057   94057
11.05.23-16:04:50.278	5	Function		Scan Spot Area	10	C:\	0	0;0	0																																																																																																																																																																															
11.05.23-16:04:50.360	Z=8800   8800__1
11.05.23-16:04:50.522	X=146993   146967__Y=95558   95558
11.05.23-16:04:50.576	X=146993   146991__Y=95558   95558
11.05.23-16:04:51.013	X=153916   153909__Y=95558   95558
11.05.23-16:04:51.446	X=160838   160815__Y=95558   95558
11.05.23-16:04:51.498	X=160838   160843__Y=95558   95558
11.05.23-16:04:51.931	X=167760   167733__Y=95558   95558
11.05.23-16:04:51.983	X=167760   167762__Y=95558   95558
11.05.23-16:04:52.416	X=174682   174659__Y=95558   95558
11.05.23-16:04:52.466	X=174682   174684__Y=95558   95558
11.05.23-16:04:52.898	X=181605   181584__Y=95558   95558
11.05.23-16:04:52.950	X=181605   181606__Y=95558   95558
11.05.23-16:04:53.382	X=188527   188508__Y=95558   95558
11.05.23-16:04:53.812	X=195449   195421__Y=95558   95558
11.05.23-16:04:53.863	X=195449   195455__Y=95558   95558
11.05.23-16:04:54.298	X=202372   202349__Y=95558   95558
11.05.23-16:04:54.351	X=202372   202375__Y=95558   95558
11.05.23-16:04:54.785	X=209294   209277__Y=95558   95558
11.05.23-16:04:55.383	X=146993   147057__Y=101092   101092
11.05.23-16:04:55.435	X=146993   147007__Y=101092   101091
11.05.23-16:04:55.870	X=153916   153893__Y=101092   101092
11.05.23-16:04:55.923	X=153916   153920__Y=101092   101092
11.05.23-16:04:56.356	X=160838   160816__Y=101092   101092
11.05.23-16:04:56.409	X=160838   160839__Y=101092   101092
11.05.23-16:04:56.842	X=167760   167736__Y=101092   101092
11.05.23-16:04:56.895	X=167760   167761__Y=101092   101092
11.05.23-16:04:57.337	X=174682   174669__Y=101092   101092
11.05.23-16:04:57.769	X=181605   181580__Y=101092   101092
11.05.23-16:04:57.820	X=181605   181609__Y=101092   101092
11.05.23-16:04:58.254	X=188527   188511__Y=101092   101092
11.05.23-16:04:58.688	X=195449   195421__Y=101092   101092
11.05.23-16:04:58.739	X=195449   195453__Y=101092   101092
11.05.23-16:04:59.172	X=202372   202349__Y=101092   101092
11.05.23-16:04:59.222	X=202372   202375__Y=101092   101092
11.05.23-16:04:59.657	X=209294   209278__Y=101092   101092
11.05.23-16:05:00.254	X=146993   147061__Y=106626   106627
11.05.23-16:05:00.341	X=146993   146999__Y=106626   106626
11.05.23-16:05:00.775	X=153916   153899__Y=106626   106626
11.05.23-16:05:01.207	X=160838   160814__Y=106626   106627
11.05.23-16:05:01.258	X=160838   160841__Y=106626   106626
11.05.23-16:05:01.691	X=167760   167731__Y=106626   106626
11.05.23-16:05:01.742	X=167760   167761__Y=106626   106626
11.05.23-16:05:02.178	X=174682   174666__Y=106626   106626
11.05.23-16:05:02.611	X=181605   181576__Y=106626   106626
11.05.23-16:05:02.681	X=181605   181607__Y=106626   106626
11.05.23-16:05:03.113	X=188527   188506__Y=106626   106626
11.05.23-16:05:03.166	X=188527   188528__Y=106626   106626
11.05.23-16:05:03.601	X=195449   195428__Y=106626   106626
11.05.23-16:05:03.652	X=195449   195450__Y=106626   106626
11.05.23-16:05:04.086	X=202372   202354__Y=106626   106626
11.05.23-16:05:04.518	X=209294   209271__Y=106626   106626
11.05.23-16:05:04.569	X=209294   209299__Y=106626   106626
11.05.23-16:05:05.168	X=146993   147060__Y=112160   112161
11.05.23-16:05:05.256	X=146993   147000__Y=112160   112161
11.05.23-16:05:05.692	X=153916   153899__Y=112160   112160
11.05.23-16:05:06.125	X=160838   160812__Y=112160   112161
11.05.23-16:05:06.178	X=160838   160841__Y=112160   112160
11.05.23-16:05:06.611	X=167760   167738__Y=112160   112160
11.05.23-16:05:06.662	X=167760   167761__Y=112160   112160
11.05.23-16:05:07.099	X=174682   174665__Y=112160   112160
11.05.23-16:05:07.532	X=181605   181579__Y=112160   112160
11.05.23-16:05:07.582	X=181605   181608__Y=112160   112160
11.05.23-16:05:08.014	X=188527   188505__Y=112160   112160
11.05.23-16:05:08.067	X=188527   188529__Y=112160   112160
11.05.23-16:05:08.505	X=195449   195429__Y=112160   112160
11.05.23-16:05:08.939	X=202372   202351__Y=112160   112160
11.05.23-16:05:08.993	X=202372   202377__Y=112160   112160
11.05.23-16:05:09.429	X=209294   209279__Y=112160   112160
11.05.23-16:05:10.250	4	Message		Prepare your cells for isolation and then press continue.	OK																																																																																																																																																																																			
11.05.23-16:05:10.256	Comment: Prepare your cells for isolation and then press continue.
11.05.23-16:05:22.289	5	Function		Nozzle Setup	0																																																																																																																																																																																			
11.05.23-16:05:22.290	Manual Nozzle Setup ON
11.05.23-16:05:23.985	Manual Nozzle Setup OFF
11.05.23-16:05:23.987	5	Function	Begin Loop	Begin Loop	1																																																																																																																																																																																			
11.05.23-16:05:23.988	5	Function		AutoParticleDetection	30	C:\Images		0/0/500/0/0/1	1																																																																																																																																																																															
11.05.23-16:05:24.389	Z=11160   11160__1
11.05.23-16:05:25.042	X=40473   40501__Y=866   865
11.05.23-16:05:25.093	X=40473   40471__Y=866   865
11.05.23-16:05:26.203	Z=26041   26041__1
11.05.23-16:05:26.735	1	 0/ 0	1	A1	1	1	1	1	4	4
11.05.23-16:05:26.835	Z=25900   25900__1
11.05.23-16:05:27.227	X=84110   84106__Y=91811   91786
11.05.23-16:05:27.277	X=84110   84120__Y=91811   91807
11.05.23-16:05:27.355	Z=26041   26041__1
11.05.23-16:05:27.437	5	Function	End Loop	End Loop	2																																																																																																																																																																																			
11.05.23-16:05:27.439	5	Function		AutoParticleDetection	30	C:\Images		0/0/500/0/0/1	1																																																																																																																																																																															
11.05.23-16:05:27.897	X=40473   40460__Y=866   879
11.05.23-16:05:28.651	1	 0/ 0	1	A1	1	1	2	1	4	4
11.05.23-16:05:29.625	X=88619   88619__Y=91835   91812
11.05.23-16:05:29.686	X=88619   88620__Y=91835   91837
11.05.23-16:05:29.771	5	Function	End Loop	End Loop	2																																																																																																																																																																																			
11.05.23-16:05:29.772	5	Function		AutoParticleDetection	30	C:\Images		0/0/500/0/0/1	1																																																																																																																																																																															
11.05.23-16:05:30.231	X=40473   40464__Y=866   881
11.05.23-16:05:35.666	1	 0/ 0	1	A1	1	1	3	1	4	4
11.05.23-16:05:36.090	Humidity=	34	  Temperature=	21	  Dew Point=	4.6	  Adj. Temp=	2.8	  Bath Temp=	2.7
11.05.23-16:05:36.642	X=93128   93126__Y=91859   91836
11.05.23-16:05:36.700	X=93128   93131__Y=91859   91859
11.05.23-16:05:36.788	5	Function	End Loop	End Loop	2																																																																																																																																																																																			
11.05.23-16:05:36.789	5	Function		AutoParticleDetection	30	C:\Images		0/0/500/0/0/1	1																																																																																																																																																																															
11.05.23-16:05:37.249	X=40473   40466__Y=866   881
11.05.23-16:05:47.555	1	 0/ 0	1	A1	1	1	4	1	4	4
11.05.23-16:05:48.530	X=97637   97632__Y=91883   91861
11.05.23-16:05:48.588	X=97637   97636__Y=91883   91883
11.05.23-16:05:48.676	5	Function	End Loop	End Loop	2																																																																																																																																																																																			
11.05.23-16:05:48.677	5	Function		AutoParticleDetection	30	C:\Images		0/0/500/0/0/1	1																																																																																																																																																																															
11.05.23-16:05:49.137	X=40473   40468__Y=866   882
11.05.23-16:05:51.168	1	 0/ 0	1	A1	1	1	5	1	4	4
11.05.23-16:05:52.144	X=102146   102144__Y=91907   91885
11.05.23-16:05:52.203	X=102146   102144__Y=91907   91908
11.05.23-16:05:52.287	5	Function	End Loop	End Loop	2																																																																																																																																																																																			
11.05.23-16:05:52.288	5	Function		AutoParticleDetection	30	C:\Images		0/0/500/0/0/1	1																																																																																																																																																																															
11.05.23-16:05:52.747	X=40473   40466__Y=866   882
11.05.23-16:05:57.209	1	 0/ 0	1	A1	1	1	6	1	4	4
11.05.23-16:05:58.185	X=106655   106655__Y=91931   91910
11.05.23-16:05:58.246	X=106655   106655__Y=91931   91931
11.05.23-16:05:58.327	5	Function	End Loop	End Loop	2																																																																																																																																																																																			
11.05.23-16:05:58.328	5	Function		AutoParticleDetection	30	C:\Images		0/0/500/0/0/1	1																																																																																																																																																																															
11.05.23-16:05:58.788	X=40473   40463__Y=866   882
11.05.23-16:05:59.814	1	 0/ 0	1	A1	1	1	7	1	4	4
11.05.23-16:06:00.791	X=111163   111163__Y=91956   91934
11.05.23-16:06:00.847	X=111163   111166__Y=91956   91955
11.05.23-16:06:00.933	5	Function	End Loop	End Loop	2																																																																																																																																																																																			
11.05.23-16:06:00.935	5	Function		AutoParticleDetection	30	C:\Images		0/0/500/0/0/1	1																																																																																																																																																																															
11.05.23-16:06:01.395	X=40473   40467__Y=866   882
11.05.23-16:06:10.618	1	 0/ 0	1	A1	1	1	8	1	4	4
11.05.23-16:06:11.593	X=115672   115671__Y=91980   91956
11.05.23-16:06:11.651	X=115672   115675__Y=91980   91979
11.05.23-16:06:11.736	5	Function	End Loop	End Loop	2																																																																																																																																																																																			
11.05.23-16:06:11.737	5	Function		AutoParticleDetection	30	C:\Images		0/0/500/0/0/1	1																																																																																																																																																																															
11.05.23-16:06:12.197	X=40473   40467__Y=866   881
11.05.23-16:06:13.334	1	 0/ 0	1	A1	1	1	9	1	4	4
11.05.23-16:06:14.312	X=120181   120178__Y=92004   91983
11.05.23-16:06:14.372	X=120181   120183__Y=92004   92005
11.05.23-16:06:14.452	5	Function	End Loop	End Loop	2																																																																																																																																																																																			
11.05.23-16:06:14.454	5	Function		AutoParticleDetection	30	C:\Images		0/0/500/0/0/1	1																																																																																																																																																																															
11.05.23-16:06:14.914	X=40473   40466__Y=866   883
11.05.23-16:06:36.180	Humidity=	34	  Temperature=	21	  Dew Point=	4.6	  Adj. Temp=	2.8	  Bath Temp=	2.7
11.05.23-16:06:37.689	1	 0/ 0	1	A1	1	1	10	1	4	4
11.05.23-16:06:38.668	X=124690   124688__Y=92028   92006
11.05.23-16:06:38.723	X=124690   124689__Y=92028   92028
11.05.23-16:06:38.808	5	Function	End Loop	End Loop	2																																																																																																																																																																																			
11.05.23-16:06:38.810	5	Function		AutoParticleDetection	30	C:\Images		0/0/500/0/0/1	1																																																																																																																																																																															
11.05.23-16:06:39.315	X=40473   40470__Y=866   865
11.05.23-16:06:42.483	1	 0/ 0	1	A1	1	1	11	1	4	4
11.05.23-16:06:43.522	X=129199   129196__Y=92052   92054
11.05.23-16:06:43.602	5	Function	End Loop	End Loop	2																																																																																																																																																																																			
11.05.23-16:06:43.604	5	Function		AutoParticleDetection	30	C:\Images		0/0/500/0/0/1	1																																																																																																																																																																															
11.05.23-16:06:44.107	X=40473   40471__Y=866   865
11.05.23-16:06:45.489	1	 0/ 0	1	A1	1	1	12	1	4	4
11.05.23-16:06:46.529	X=133708   133697__Y=92076   92080
11.05.23-16:06:46.605	5	Function	End Loop	End Loop	2																																																																																																																																																																																			
11.05.23-16:06:46.607	5	Function		AutoParticleDetection	30	C:\Images		0/0/500/0/0/1	1																																																																																																																																																																															
11.05.23-16:06:47.070	X=40473   40492__Y=866   881
11.05.23-16:06:49.529	1	 0/ 0	1	A1	1	1	13	1	4	4
11.05.23-16:06:50.549	X=84086   84083__Y=96320   96300
11.05.23-16:06:50.633	5	Function	End Loop	End Loop	2																																																																																																																																																																																			
11.05.23-16:06:50.635	5	Function		AutoParticleDetection	30	C:\Images		0/0/500/0/0/1	1																																																																																																																																																																															
11.05.23-16:06:51.105	X=40473   40464__Y=866   876
11.05.23-16:06:52.983	1	 0/ 0	1	A1	1	1	14	1	4	4
11.05.23-16:06:54.002	X=88595   88595__Y=96344   96324
11.05.23-16:06:54.085	5	Function	End Loop	End Loop	2																																																																																																																																																																																			
11.05.23-16:06:54.086	5	Function		AutoParticleDetection	30	C:\Images		0/0/500/0/0/1	1																																																																																																																																																																															
11.05.23-16:06:54.557	X=40473   40463__Y=866   876
11.05.23-16:07:04.728	1	 0/ 0	1	A1	1	1	15	1	4	4
11.05.23-16:07:05.747	X=93104   93106__Y=96368   96349
11.05.23-16:07:05.831	5	Function	End Loop	End Loop	2																																																																																																																																																																																			
11.05.23-16:07:05.832	5	Function		AutoParticleDetection	30	C:\Images		0/0/500/0/0/1	1																																																																																																																																																																															
11.05.23-16:07:06.302	X=40473   40463__Y=866   875
11.05.23-16:07:08.148	1	 0/ 0	1	A1	1	1	16	1	4	4
11.05.23-16:07:09.168	X=97613   97610__Y=96392   96372
11.05.23-16:07:09.251	5	Function	End Loop	End Loop	2																																																																																																																																																																																			
11.05.23-16:07:09.253	5	Function		AutoParticleDetection	30	C:\Images		0/0/500/0/0/1	1																																																																																																																																																																															
11.05.23-16:07:09.724	X=40473   40466__Y=866   876
11.05.23-16:07:18.982	1	 0/ 0	1	A1	1	1	17	1	4	4
11.05.23-16:07:20.003	X=102122   102118__Y=96416   96398
11.05.23-16:07:20.086	5	Function	End Loop	End Loop	2																																																																																																																																																																																			
11.05.23-16:07:20.088	5	Function		AutoParticleDetection	30	C:\Images		0/0/500/0/0/1	1																																																																																																																																																																															
11.05.23-16:07:20.558	X=40473   40466__Y=866   876
11.05.23-16:07:21.571	1	 0/ 0	1	A1	1	1	18	1	4	4
11.05.23-16:07:22.592	X=106630   106629__Y=96440   96422
11.05.23-16:07:22.674	5	Function	End Loop	End Loop	2																																																																																																																																																																																			
11.05.23-16:07:22.676	5	Function		AutoParticleDetection	30	C:\Images		0/0/500/0/0/1	1																																																																																																																																																																															
11.05.23-16:07:23.146	X=40473   40465__Y=866   876
11.05.23-16:07:37.133	Humidity=	34	  Temperature=	21	  Dew Point=	4.6	  Adj. Temp=	2.8	  Bath Temp=	2.7
11.05.23-16:07:48.212	1	 0/ 0	1	A1	1	1	19	1	4	4
11.05.23-16:07:49.233	X=111139   111138__Y=96465   96447
11.05.23-16:07:49.315	5	Function	End Loop	End Loop	2																																																																																																																																																																																			
11.05.23-16:07:49.316	5	Function		AutoParticleDetection	30	C:\Images		0/0/500/0/0/1	1																																																																																																																																																																															
11.05.23-16:07:49.789	X=40473   40468__Y=866   877
11.05.23-16:08:01.267	1	 0/ 0	1	A1	1	1	20	1	4	4
11.05.23-16:08:02.289	X=115648   115648__Y=96489   96471
11.05.23-16:08:02.368	5	Function	End Loop	End Loop	2																																																																																																																																																																																			
11.05.23-16:08:02.369	5	Function		AutoParticleDetection	30	C:\Images		0/0/500/0/0/1	1																																																																																																																																																																															
11.05.23-16:08:02.839	X=40473   40471__Y=866   877
11.05.23-16:08:09.321	1	 0/ 0	1	A1	1	1	21	1	4	4
11.05.23-16:08:10.341	X=120157   120156__Y=96513   96494
11.05.23-16:08:10.423	5	Function	End Loop	End Loop	2																																																																																																																																																																																			
11.05.23-16:08:10.425	5	Function		AutoParticleDetection	30	C:\Images		0/0/500/0/0/1	1																																																																																																																																																																															
11.05.23-16:08:10.896	X=40473   40469__Y=866   876
11.05.23-16:08:12.517	1	 0/ 0	1	A1	1	1	22	1	4	4
11.05.23-16:08:13.540	X=124666   124663__Y=96537   96518
11.05.23-16:08:13.620	5	Function	End Loop	End Loop	2																																																																																																																																																																																			
11.05.23-16:08:13.621	5	Function		AutoParticleDetection	30	C:\Images		0/0/500/0/0/1	1																																																																																																																																																																															
11.05.23-16:08:14.092	X=40473   40467__Y=866   878
11.05.23-16:08:22.074	1	 0/ 0	1	A1	1	1	23	1	4	4
11.05.23-16:08:23.096	X=129175   129173__Y=96561   96540
11.05.23-16:08:23.159	X=129175   129174__Y=96561   96566
11.05.23-16:08:23.240	5	Function	End Loop	End Loop	2																																																																																																																																																																																			
11.05.23-16:08:23.241	5	Function		AutoParticleDetection	30	C:\Images		0/0/500/0/0/1	1																																																																																																																																																																															
11.05.23-16:08:23.741	X=40473   40471__Y=866   870
11.05.23-16:08:27.985	1	 0/ 0	1	A1	1	1	24	1	4	4
11.05.23-16:08:29.012	X=133684   133677__Y=96585   96567
11.05.23-16:08:29.089	5	Function	End Loop	End Loop	2																																																																																																																																																																																			
11.05.23-16:08:29.093	5	Function		AutoParticleDetection	30	C:\Images		0/0/500/0/0/1	1																																																																																																																																																																															
11.05.23-16:08:29.563	X=40473   40488__Y=866   876
11.05.23-16:08:37.146	Humidity=	34	  Temperature=	21	  Dew Point=	4.6	  Adj. Temp=	2.8	  Bath Temp=	2.7
11.05.23-16:08:37.653	1	 0/ 0	1	A1	1	1	25	1	4	4
11.05.23-16:08:38.717	X=84062   84060__Y=100829   100808
11.05.23-16:08:38.779	X=84062   84063__Y=100829   100832
11.05.23-16:08:38.867	5	Function	End Loop	End Loop	2																																																																																																																																																																																			
11.05.23-16:08:38.869	5	Function		AutoParticleDetection	30	C:\Images		0/0/500/0/0/1	1																																																																																																																																																																															
11.05.23-16:08:39.349	X=40473   40466__Y=866   876
11.05.23-16:08:51.780	1	 0/ 0	1	A1	1	1	26	1	4	4
11.05.23-16:08:52.844	X=88571   88569__Y=100853   100833
11.05.23-16:08:52.931	5	Function	End Loop	End Loop	2																																																																																																																																																																																			
11.05.23-16:08:52.933	5	Function		AutoParticleDetection	30	C:\Images		0/0/500/0/0/1	1																																																																																																																																																																															
11.05.23-16:08:53.415	X=40473   40464__Y=866   876
11.05.23-16:09:03.590	1	 0/ 0	1	A1	1	1	27	1	4	4
11.05.23-16:09:04.654	X=93080   93082__Y=100877   100856
11.05.23-16:09:04.716	X=93080   93079__Y=100877   100880
11.05.23-16:09:04.805	5	Function	End Loop	End Loop	2																																																																																																																																																																																			
11.05.23-16:09:04.806	5	Function		AutoParticleDetection	30	C:\Images		0/0/500/0/0/1	1																																																																																																																																																																															
11.05.23-16:09:05.289	X=40473   40464__Y=866   876
11.05.23-16:09:09.216	1	 0/ 0	1	A1	1	1	28	1	4	4
11.05.23-16:09:10.284	X=97588   97590__Y=100901   100881
11.05.23-16:09:10.366	5	Function	End Loop	End Loop	2																																																																																																																																																																																			
11.05.23-16:09:10.368	5	Function		AutoParticleDetection	30	C:\Images		0/0/500/0/0/1	1																																																																																																																																																																															
11.05.23-16:09:10.849	X=40473   40466__Y=866   875
11.05.23-16:09:11.982	1	 0/ 0	1	A1	1	1	29	1	4	4
11.05.23-16:09:13.049	X=102097   102094__Y=100925   100905
11.05.23-16:09:13.131	5	Function	End Loop	End Loop	2																																																																																																																																																																																			
11.05.23-16:09:13.132	5	Function		AutoParticleDetection	30	C:\Images		0/0/500/0/0/1	1																																																																																																																																																																															
11.05.23-16:09:13.614	X=40473   40468__Y=866   876
11.05.23-16:09:37.157	Humidity=	34	  Temperature=	21	  Dew Point=	4.6	  Adj. Temp=	2.8	  Bath Temp=	2.7
11.05.23-16:09:55.366	1	 0/ 0	1	A1	1	1	30	1	4	4
11.05.23-16:09:56.431	X=106606   106603__Y=100949   100929
11.05.23-16:09:56.518	5	Function	End Loop	End Loop	2																																																																																																																																																																																			
11.05.23-16:09:56.520	5	Function		AutoParticleDetection	30	C:\Images		0/0/500/0/0/1	1																																																																																																																																																																															
11.05.23-16:09:57.002	X=40473   40467__Y=866   875
11.05.23-16:10:08.999	1	 0/ 0	1	A1	1	1	31	1	4	4
11.05.23-16:10:10.065	X=111115   111114__Y=100973   100953
11.05.23-16:10:10.148	5	Function	End Loop	End Loop	2																																																																																																																																																																																			
11.05.23-16:10:10.150	5	Function		AutoParticleDetection	30	C:\Images		0/0/500/0/0/1	1																																																																																																																																																																															
11.05.23-16:10:10.633	X=40473   40467__Y=866   876
11.05.23-16:10:11.524	1	 0/ 0	1	A1	1	1	32	1	4	4
11.05.23-16:10:12.590	X=115624   115625__Y=100998   100980
11.05.23-16:10:12.674	5	Function	End Loop	End Loop	2																																																																																																																																																																																			
11.05.23-16:10:12.677	5	Function		AutoParticleDetection	30	C:\Images		0/0/500/0/0/1	1																																																																																																																																																																															
11.05.23-16:10:13.160	X=40473   40468__Y=866   876
11.05.23-16:10:17.884	Manual Nozzle Setup ON
11.05.23-16:10:30.105	AXIS STATUS:   181	 0	 6	37120354	003C

11.05.23-16:10:30.107	AXIS STATUS:   182	 0	 6	37120254	003C

11.05.23-16:10:30.141	X=40473   40473__Y=866   866
11.05.23-16:10:30.223	Z=26041   26041__1
11.05.23-16:10:35.092	AXIS STATUS:   181	 0	 6	37120254	003C

11.05.23-16:10:35.094	AXIS STATUS:   182	 0	 6	37120254	003C

11.05.23-16:10:35.125	X=40473   40473__Y=866   866
11.05.23-16:10:35.210	Z=26041   26041__1
11.05.23-16:10:36.286	Manual Nozzle Setup OFF
11.05.23-16:10:36.288	5	Function		AutoParticleDetection	30	C:\Images		0/0/500/0/0/1	1																																																																																																																																																																															
11.05.23-16:10:36.328	X=40473   40473__Y=866   866
11.05.23-16:10:36.411	Z=26041   26041__1
11.05.23-16:10:37.245	Humidity=	34	  Temperature=	21	  Dew Point=	4.6	  Adj. Temp=	2.8	  Bath Temp=	2.7
11.05.23-16:10:46.250	1	 0/ 0	1	A1	1	1	33	1	4	4
11.05.23-16:10:47.319	X=120133   120135__Y=101022   101004
11.05.23-16:10:47.400	5	Function	End Loop	End Loop	2																																																																																																																																																																																			
11.05.23-16:10:47.401	5	Function		AutoParticleDetection	30	C:\Images		0/0/500/0/0/1	1																																																																																																																																																																															
11.05.23-16:10:47.882	X=40473   40471__Y=866   875
11.05.23-16:10:55.935	1	 0/ 0	1	A1	1	1	34	1	4	4
11.05.23-16:10:57.001	X=124642   124642__Y=101046   101026
11.05.23-16:10:57.085	5	Function	End Loop	End Loop	2																																																																																																																																																																																			
11.05.23-16:10:57.086	5	Function		AutoParticleDetection	30	C:\Images		0/0/500/0/0/1	1																																																																																																																																																																															
11.05.23-16:10:57.567	X=40473   40471__Y=866   877
11.05.23-16:11:01.496	1	 0/ 0	1	A1	1	1	35	1	4	4
11.05.23-16:11:02.564	X=129151   129149__Y=101070   101052
11.05.23-16:11:02.647	5	Function	End Loop	End Loop	2																																																																																																																																																																																			
11.05.23-16:11:02.649	5	Function		AutoParticleDetection	30	C:\Images		0/0/500/0/0/1	1																																																																																																																																																																															
11.05.23-16:11:03.130	X=40473   40470__Y=866   877
11.05.23-16:11:03.526	1	 0/ 0	1	A1	1	1	36	1	4	4
11.05.23-16:11:04.594	X=133660   133658__Y=101094   101073
11.05.23-16:11:04.654	X=133660   133659__Y=101094   101097
11.05.23-16:11:04.740	5	Function	End Loop	End Loop	2																																																																																																																																																																																			
11.05.23-16:11:04.742	5	Function		AutoParticleDetection	30	C:\Images		0/0/500/0/0/1	1																																																																																																																																																																															
11.05.23-16:11:05.237	X=40473   40470__Y=866   872
11.05.23-16:11:05.874	1	 0/ 0	1	A1	1	1	37	1	4	4
11.05.23-16:11:06.983	X=84038   84037__Y=105338   105320
11.05.23-16:11:07.058	5	Function	End Loop	End Loop	2																																																																																																																																																																																			
11.05.23-16:11:07.059	5	Function		AutoParticleDetection	30	C:\Images		0/0/500/0/0/1	1																																																																																																																																																																															
11.05.23-16:11:07.553	X=40473   40466__Y=866   875
11.05.23-16:11:10.462	Manual Nozzle Setup ON
11.05.23-16:11:15.457	Manual Nozzle Setup OFF
11.05.23-16:11:15.458	5	Function		AutoParticleDetection	30	C:\Images		0/0/500/0/0/1	1																																																																																																																																																																															
11.05.23-16:11:15.501	X=40473   40473__Y=866   866
11.05.23-16:11:15.580	Z=26041   26041__1
11.05.23-16:11:21.280	1	 0/ 0	1	A1	1	1	38	1	4	4
11.05.23-16:11:22.390	X=88547   88545__Y=105362   105345
11.05.23-16:11:22.480	5	Function	End Loop	End Loop	2																																																																																																																																																																																			
11.05.23-16:11:22.481	5	Function		AutoParticleDetection	30	C:\Images		0/0/500/0/0/1	1																																																																																																																																																																															
11.05.23-16:11:22.974	X=40473   40465__Y=866   877
11.05.23-16:11:24.813	1	 0/ 0	1	A1	1	1	39	1	4	4
11.05.23-16:11:25.924	X=93055   93055__Y=105386   105368
11.05.23-16:11:26.010	5	Function	End Loop	End Loop	2																																																																																																																																																																																			
11.05.23-16:11:26.012	5	Function		AutoParticleDetection	30	C:\Images		0/0/500/0/0/1	1																																																																																																																																																																															
11.05.23-16:11:26.504	X=40473   40464__Y=866   877
11.05.23-16:11:38.264	Humidity=	34	  Temperature=	21	  Dew Point=	4.6	  Adj. Temp=	2.8	  Bath Temp=	2.7
11.05.23-16:12:08.375	1	 0/ 0	1	A1	1	1	40	1	4	4
11.05.23-16:12:09.486	X=97564   97566__Y=105410   105393
11.05.23-16:12:09.574	5	Function	End Loop	End Loop	2																																																																																																																																																																																			
11.05.23-16:12:09.576	5	Function		AutoParticleDetection	30	C:\Images		0/0/500/0/0/1	1																																																																																																																																																																															
11.05.23-16:12:10.068	X=40473   40465__Y=866   877
11.05.23-16:12:10.836	1	 0/ 0	1	A1	1	1	41	1	4	4
11.05.23-16:12:11.947	X=102073   102075__Y=105434   105416
11.05.23-16:12:12.034	5	Function	End Loop	End Loop	2																																																																																																																																																																																			
11.05.23-16:12:12.036	5	Function		AutoParticleDetection	30	C:\Images		0/0/500/0/0/1	1																																																																																																																																																																															
11.05.23-16:12:12.528	X=40473   40466__Y=866   876
11.05.23-16:12:20.248	1	 0/ 0	1	A1	1	1	42	1	4	4
11.05.23-16:12:21.358	X=106582   106579__Y=105458   105440
11.05.23-16:12:21.447	5	Function	End Loop	End Loop	2																																																																																																																																																																																			
11.05.23-16:12:21.448	5	Function		AutoParticleDetection	30	C:\Images		0/0/500/0/0/1	1																																																																																																																																																																															
11.05.23-16:12:21.940	X=40473   40467__Y=866   877
11.05.23-16:12:23.316	1	 0/ 0	1	A1	1	1	43	1	4	4
11.05.23-16:12:24.427	X=111091   111089__Y=105482   105465
11.05.23-16:12:24.516	5	Function	End Loop	End Loop	2																																																																																																																																																																																			
11.05.23-16:12:24.518	5	Function		AutoParticleDetection	30	C:\Images		0/0/500/0/0/1	1																																																																																																																																																																															
11.05.23-16:12:25.010	X=40473   40467__Y=866   876
11.05.23-16:12:30.557	1	 0/ 0	1	A1	1	1	44	1	4	4
11.05.23-16:12:31.666	X=115600   115600__Y=105506   105489
11.05.23-16:12:31.754	5	Function	End Loop	End Loop	2																																																																																																																																																																																			
11.05.23-16:12:31.756	5	Function		AutoParticleDetection	30	C:\Images		0/0/500/0/0/1	1																																																																																																																																																																															
11.05.23-16:12:32.247	X=40473   40465__Y=866   876
11.05.23-16:12:35.513	Manual Nozzle Setup ON
11.05.23-16:12:39.198	Humidity=	34	  Temperature=	21	  Dew Point=	4.6	  Adj. Temp=	2.8	  Bath Temp=	2.7
11.05.23-16:12:43.412	Manual Nozzle Setup OFF
11.05.23-16:12:43.413	5	Function		AutoParticleDetection	30	C:\Images		0/0/500/0/0/1	1																																																																																																																																																																															
11.05.23-16:12:43.455	X=40473   40473__Y=866   866
11.05.23-16:12:43.534	Z=26041   26041__1
11.05.23-16:12:52.337	1	 0/ 0	1	A1	1	1	45	1	4	4
11.05.23-16:12:53.448	X=120109   120111__Y=105531   105515
11.05.23-16:12:53.536	5	Function	End Loop	End Loop	2																																																																																																																																																																																			
11.05.23-16:12:53.538	5	Function		AutoParticleDetection	30	C:\Images		0/0/500/0/0/1	1																																																																																																																																																																															
11.05.23-16:12:54.030	X=40473   40467__Y=866   874
11.05.23-16:12:54.414	1	 0/ 0	1	A1	1	1	46	1	4	4
11.05.23-16:12:55.526	X=124618   124620__Y=105555   105539
11.05.23-16:12:55.613	5	Function	End Loop	End Loop	2																																																																																																																																																																																			
11.05.23-16:12:55.614	5	Function		AutoParticleDetection	30	C:\Images		0/0/500/0/0/1	1																																																																																																																																																																															
11.05.23-16:12:56.109	X=40473   40469__Y=866   875
11.05.23-16:13:06.353	1	 0/ 0	1	A1	1	1	47	1	4	4
11.05.23-16:13:07.465	X=129127   129128__Y=105579   105563
11.05.23-16:13:07.551	5	Function	End Loop	End Loop	2																																																																																																																																																																																			
11.05.23-16:13:07.552	5	Function		AutoParticleDetection	30	C:\Images		0/0/500/0/0/1	1																																																																																																																																																																															
11.05.23-16:13:08.046	X=40473   40469__Y=866   876
11.05.23-16:13:18.354	1	 0/ 0	1	A1	1	1	48	1	4	4
11.05.23-16:13:19.466	X=133636   133634__Y=105603   105587
11.05.23-16:13:19.553	5	Function	End Loop	End Loop	2																																																																																																																																																																																			
11.05.23-16:13:19.555	5	Function		Scan Spot Area	10	C:\	0	0;0	0																																																																																																																																																																															
11.05.23-16:13:20.773	Z=8800   8800__1
11.05.23-16:13:20.988	X=146993   146983__Y=95558   95551
11.05.23-16:13:21.424	X=153916   153901__Y=95558   95558
11.05.23-16:13:21.856	X=160838   160812__Y=95558   95558
11.05.23-16:13:21.907	X=160838   160842__Y=95558   95558
11.05.23-16:13:22.340	X=167760   167733__Y=95558   95558
11.05.23-16:13:22.391	X=167760   167760__Y=95558   95558
11.05.23-16:13:22.825	X=174682   174668__Y=95558   95558
11.05.23-16:13:23.257	X=181605   181576__Y=95558   95558
11.05.23-16:13:23.308	X=181605   181609__Y=95558   95558
11.05.23-16:13:23.743	X=188527   188511__Y=95558   95558
11.05.23-16:13:24.174	X=195449   195424__Y=95558   95558
11.05.23-16:13:24.227	X=195449   195453__Y=95558   95558
11.05.23-16:13:24.657	X=202372   202345__Y=95558   95558
11.05.23-16:13:24.708	X=202372   202374__Y=95558   95558
11.05.23-16:13:25.143	X=209294   209277__Y=95558   95558
11.05.23-16:13:25.742	X=146993   147056__Y=101092   101092
11.05.23-16:13:25.791	X=146993   147006__Y=101092   101092
11.05.23-16:13:26.225	X=153916   153885__Y=101092   101092
11.05.23-16:13:26.276	X=153916   153919__Y=101092   101092
11.05.23-16:13:26.711	X=160838   160820__Y=101092   101092
11.05.23-16:13:27.144	X=167760   167732__Y=101092   101092
11.05.23-16:13:27.196	X=167760   167762__Y=101092   101092
11.05.23-16:13:27.631	X=174682   174662__Y=101092   101092
11.05.23-16:13:28.063	X=181605   181577__Y=101092   101092
11.05.23-16:13:28.116	X=181605   181608__Y=101092   101092
11.05.23-16:13:28.551	X=188527   188510__Y=101092   101092
11.05.23-16:13:28.982	X=195449   195421__Y=101092   101092
11.05.23-16:13:29.033	X=195449   195453__Y=101092   101092
11.05.23-16:13:29.464	X=202372   202349__Y=101092   101092
11.05.23-16:13:29.515	X=202372   202374__Y=101092   101092
11.05.23-16:13:29.947	X=209294   209275__Y=101092   101092
11.05.23-16:13:30.546	X=146993   147061__Y=106626   106627
11.05.23-16:13:30.600	X=146993   147006__Y=106626   106626
11.05.23-16:13:31.032	X=153916   153884__Y=106626   106626
11.05.23-16:13:31.083	X=153916   153919__Y=106626   106626
11.05.23-16:13:31.518	X=160838   160818__Y=106626   106626
11.05.23-16:13:31.949	X=167760   167730__Y=106626   106626
11.05.23-16:13:32.000	X=167760   167762__Y=106626   106626
11.05.23-16:13:32.433	X=174682   174660__Y=106626   106626
11.05.23-16:13:32.485	X=174682   174682__Y=106626   106626
11.05.23-16:13:32.917	X=181605   181580__Y=106626   106626
11.05.23-16:13:32.969	X=181605   181605__Y=106626   106626
11.05.23-16:13:33.405	X=188527   188512__Y=106626   106626
11.05.23-16:13:33.836	X=195449   195420__Y=106626   106626
11.05.23-16:13:33.887	X=195449   195454__Y=106626   106626
11.05.23-16:13:34.318	X=202372   202347__Y=106626   106626
11.05.23-16:13:34.369	X=202372   202374__Y=106626   106626
11.05.23-16:13:34.802	X=209294   209276__Y=106626   106626
11.05.23-16:13:35.402	X=146993   147059__Y=112160   112162
11.05.23-16:13:35.452	X=146993   147006__Y=112160   112160
11.05.23-16:13:35.889	X=153916   153898__Y=112160   112160
11.05.23-16:13:36.320	X=160838   160807__Y=112160   112161
11.05.23-16:13:36.374	X=160838   160837__Y=112160   112160
11.05.23-16:13:36.808	X=167760   167737__Y=112160   112160
11.05.23-16:13:36.859	X=167760   167757__Y=112160   112160
11.05.23-16:13:37.292	X=174682   174664__Y=112160   112160
11.05.23-16:13:37.725	X=181605   181584__Y=112160   112160
11.05.23-16:13:37.775	X=181605   181609__Y=112160   112160
11.05.23-16:13:38.209	X=188527   188509__Y=112160   112160
11.05.23-16:13:38.639	X=195449   195421__Y=112160   112160
11.05.23-16:13:38.690	X=195449   195453__Y=112160   112160
11.05.23-16:13:39.125	X=202372   202354__Y=112160   112160
11.05.23-16:13:39.212	Humidity=	34	  Temperature=	21	  Dew Point=	4.6	  Adj. Temp=	2.8	  Bath Temp=	2.7
11.05.23-16:13:39.557	X=209294   209270__Y=112160   112160
11.05.23-16:13:39.611	X=209294   209298__Y=112160   112160
11.05.23-16:13:40.360	0	Drives		2	Home	0	0	0	25000	20000	15000																																																																																																																																																																													
11.05.23-16:13:41.183	Z=0   0__1
11.05.23-16:13:41.801	X=0   62__Y=0   0
11.05.23-16:13:41.858	X=0   8__Y=0   0
11.05.23-16:13:41.859	
	Total detected particles:	164	
	Total volume dispensed (nl):	1152.98	
	Concentration estimated (1/µl):	142.24	

Run has finished: 4:13 PM - 5/11/2023


§25-30-56-77-70-48-34-82-67-41-60-40-48-62-72-71-50-66-82-29-47-43-78-86-40-71-47-68-56-48-32-82-37-85-27-50-42-75-50-28-81-65-63-65-44
